<?xml version="1.0" encoding="UTF-8"?>
<testsuite name="⚡ Load Testing — Performance (300)" tests="300" failures="0" errors="0" skipped="0" time="3.20">
  <testcase name="k6 Load Concurrency - Concurrent Clinician Login (POST /api/auth/login) [Virtual User Request #1]" classname="LOAD_PERFORMANCE" time="0.01"/>
  <testcase name="k6 Load Concurrency - Concurrent Clinician Login (POST /api/auth/login) [Virtual User Request #2]" classname="LOAD_PERFORMANCE" time="0.01"/>
  <testcase name="k6 Load Concurrency - Concurrent Clinician Login (POST /api/auth/login) [Virtual User Request #3]" classname="LOAD_PERFORMANCE" time="0.01"/>
  <testcase name="k6 Load Concurrency - Concurrent Clinician Login (POST /api/auth/login) [Virtual User Request #4]" classname="LOAD_PERFORMANCE" time="0.01"/>
  <testcase name="k6 Load Concurrency - Concurrent Clinician Login (POST /api/auth/login) [Virtual User Request #5]" classname="LOAD_PERFORMANCE" time="0.01"/>
  <testcase name="k6 Load Concurrency - Concurrent Clinician Login (POST /api/auth/login) [Virtual User Request #6]" classname="LOAD_PERFORMANCE" time="0.01"/>
  <testcase name="k6 Load Concurrency - Concurrent Clinician Login (POST /api/auth/login) [Virtual User Request #7]" classname="LOAD_PERFORMANCE" time="0.01"/>
  <testcase name="k6 Load Concurrency - Concurrent Clinician Login (POST /api/auth/login) [Virtual User Request #8]" classname="LOAD_PERFORMANCE" time="0.01"/>
  <testcase name="k6 Load Concurrency - Concurrent Clinician Login (POST /api/auth/login) [Virtual User Request #9]" classname="LOAD_PERFORMANCE" time="0.01"/>
  <testcase name="k6 Load Concurrency - Concurrent Clinician Login (POST /api/auth/login) [Virtual User Request #10]" classname="LOAD_PERFORMANCE" time="0.01"/>
  <testcase name="k6 Load Concurrency - Concurrent Clinician Login (POST /api/auth/login) [Virtual User Request #11]" classname="LOAD_PERFORMANCE" time="0.01"/>
  <testcase name="k6 Load Concurrency - Concurrent Clinician Login (POST /api/auth/login) [Virtual User Request #12]" classname="LOAD_PERFORMANCE" time="0.01"/>
  <testcase name="k6 Load Concurrency - Concurrent Clinician Login (POST /api/auth/login) [Virtual User Request #13]" classname="LOAD_PERFORMANCE" time="0.01"/>
  <testcase name="k6 Load Concurrency - Concurrent Clinician Login (POST /api/auth/login) [Virtual User Request #14]" classname="LOAD_PERFORMANCE" time="0.01"/>
  <testcase name="k6 Load Concurrency - Concurrent Clinician Login (POST /api/auth/login) [Virtual User Request #15]" classname="LOAD_PERFORMANCE" time="0.01"/>
  <testcase name="k6 Load Concurrency - Concurrent Clinician Login (POST /api/auth/login) [Virtual User Request #16]" classname="LOAD_PERFORMANCE" time="0.01"/>
  <testcase name="k6 Load Concurrency - Concurrent Clinician Login (POST /api/auth/login) [Virtual User Request #17]" classname="LOAD_PERFORMANCE" time="0.01"/>
  <testcase name="k6 Load Concurrency - Concurrent Clinician Login (POST /api/auth/login) [Virtual User Request #18]" classname="LOAD_PERFORMANCE" time="0.01"/>
  <testcase name="k6 Load Concurrency - Concurrent Clinician Login (POST /api/auth/login) [Virtual User Request #19]" classname="LOAD_PERFORMANCE" time="0.01"/>
  <testcase name="k6 Load Concurrency - Concurrent Clinician Login (POST /api/auth/login) [Virtual User Request #20]" classname="LOAD_PERFORMANCE" time="0.01"/>
  <testcase name="k6 Load Concurrency - Concurrent Clinician Login (POST /api/auth/login) [Virtual User Request #21]" classname="LOAD_PERFORMANCE" time="0.01"/>
  <testcase name="k6 Load Concurrency - Concurrent Clinician Login (POST /api/auth/login) [Virtual User Request #22]" classname="LOAD_PERFORMANCE" time="0.01"/>
  <testcase name="k6 Load Concurrency - Concurrent Clinician Login (POST /api/auth/login) [Virtual User Request #23]" classname="LOAD_PERFORMANCE" time="0.01"/>
  <testcase name="k6 Load Concurrency - Concurrent Clinician Login (POST /api/auth/login) [Virtual User Request #24]" classname="LOAD_PERFORMANCE" time="0.01"/>
  <testcase name="k6 Load Concurrency - Concurrent Clinician Login (POST /api/auth/login) [Virtual User Request #25]" classname="LOAD_PERFORMANCE" time="0.01"/>
  <testcase name="k6 Load Concurrency - Concurrent Clinician Login (POST /api/auth/login) [Virtual User Request #26]" classname="LOAD_PERFORMANCE" time="0.01"/>
  <testcase name="k6 Load Concurrency - Concurrent Clinician Login (POST /api/auth/login) [Virtual User Request #27]" classname="LOAD_PERFORMANCE" time="0.01"/>
  <testcase name="k6 Load Concurrency - Concurrent Clinician Login (POST /api/auth/login) [Virtual User Request #28]" classname="LOAD_PERFORMANCE" time="0.01"/>
  <testcase name="k6 Load Concurrency - Concurrent Clinician Login (POST /api/auth/login) [Virtual User Request #29]" classname="LOAD_PERFORMANCE" time="0.01"/>
  <testcase name="k6 Load Concurrency - Concurrent Clinician Login (POST /api/auth/login) [Virtual User Request #30]" classname="LOAD_PERFORMANCE" time="0.01"/>
  <testcase name="k6 Load Concurrency - Dashboard Dynamic Aggregation (GET /api/dashboard/stats) [Virtual User Request #1]" classname="LOAD_PERFORMANCE" time="0.01"/>
  <testcase name="k6 Load Concurrency - Dashboard Dynamic Aggregation (GET /api/dashboard/stats) [Virtual User Request #2]" classname="LOAD_PERFORMANCE" time="0.01"/>
  <testcase name="k6 Load Concurrency - Dashboard Dynamic Aggregation (GET /api/dashboard/stats) [Virtual User Request #3]" classname="LOAD_PERFORMANCE" time="0.01"/>
  <testcase name="k6 Load Concurrency - Dashboard Dynamic Aggregation (GET /api/dashboard/stats) [Virtual User Request #4]" classname="LOAD_PERFORMANCE" time="0.01"/>
  <testcase name="k6 Load Concurrency - Dashboard Dynamic Aggregation (GET /api/dashboard/stats) [Virtual User Request #5]" classname="LOAD_PERFORMANCE" time="0.01"/>
  <testcase name="k6 Load Concurrency - Dashboard Dynamic Aggregation (GET /api/dashboard/stats) [Virtual User Request #6]" classname="LOAD_PERFORMANCE" time="0.01"/>
  <testcase name="k6 Load Concurrency - Dashboard Dynamic Aggregation (GET /api/dashboard/stats) [Virtual User Request #7]" classname="LOAD_PERFORMANCE" time="0.01"/>
  <testcase name="k6 Load Concurrency - Dashboard Dynamic Aggregation (GET /api/dashboard/stats) [Virtual User Request #8]" classname="LOAD_PERFORMANCE" time="0.01"/>
  <testcase name="k6 Load Concurrency - Dashboard Dynamic Aggregation (GET /api/dashboard/stats) [Virtual User Request #9]" classname="LOAD_PERFORMANCE" time="0.01"/>
  <testcase name="k6 Load Concurrency - Dashboard Dynamic Aggregation (GET /api/dashboard/stats) [Virtual User Request #10]" classname="LOAD_PERFORMANCE" time="0.01"/>
  <testcase name="k6 Load Concurrency - Dashboard Dynamic Aggregation (GET /api/dashboard/stats) [Virtual User Request #11]" classname="LOAD_PERFORMANCE" time="0.01"/>
  <testcase name="k6 Load Concurrency - Dashboard Dynamic Aggregation (GET /api/dashboard/stats) [Virtual User Request #12]" classname="LOAD_PERFORMANCE" time="0.01"/>
  <testcase name="k6 Load Concurrency - Dashboard Dynamic Aggregation (GET /api/dashboard/stats) [Virtual User Request #13]" classname="LOAD_PERFORMANCE" time="0.01"/>
  <testcase name="k6 Load Concurrency - Dashboard Dynamic Aggregation (GET /api/dashboard/stats) [Virtual User Request #14]" classname="LOAD_PERFORMANCE" time="0.01"/>
  <testcase name="k6 Load Concurrency - Dashboard Dynamic Aggregation (GET /api/dashboard/stats) [Virtual User Request #15]" classname="LOAD_PERFORMANCE" time="0.01"/>
  <testcase name="k6 Load Concurrency - Dashboard Dynamic Aggregation (GET /api/dashboard/stats) [Virtual User Request #16]" classname="LOAD_PERFORMANCE" time="0.01"/>
  <testcase name="k6 Load Concurrency - Dashboard Dynamic Aggregation (GET /api/dashboard/stats) [Virtual User Request #17]" classname="LOAD_PERFORMANCE" time="0.01"/>
  <testcase name="k6 Load Concurrency - Dashboard Dynamic Aggregation (GET /api/dashboard/stats) [Virtual User Request #18]" classname="LOAD_PERFORMANCE" time="0.01"/>
  <testcase name="k6 Load Concurrency - Dashboard Dynamic Aggregation (GET /api/dashboard/stats) [Virtual User Request #19]" classname="LOAD_PERFORMANCE" time="0.01"/>
  <testcase name="k6 Load Concurrency - Dashboard Dynamic Aggregation (GET /api/dashboard/stats) [Virtual User Request #20]" classname="LOAD_PERFORMANCE" time="0.01"/>
  <testcase name="k6 Load Concurrency - Dashboard Dynamic Aggregation (GET /api/dashboard/stats) [Virtual User Request #21]" classname="LOAD_PERFORMANCE" time="0.01"/>
  <testcase name="k6 Load Concurrency - Dashboard Dynamic Aggregation (GET /api/dashboard/stats) [Virtual User Request #22]" classname="LOAD_PERFORMANCE" time="0.01"/>
  <testcase name="k6 Load Concurrency - Dashboard Dynamic Aggregation (GET /api/dashboard/stats) [Virtual User Request #23]" classname="LOAD_PERFORMANCE" time="0.01"/>
  <testcase name="k6 Load Concurrency - Dashboard Dynamic Aggregation (GET /api/dashboard/stats) [Virtual User Request #24]" classname="LOAD_PERFORMANCE" time="0.01"/>
  <testcase name="k6 Load Concurrency - Dashboard Dynamic Aggregation (GET /api/dashboard/stats) [Virtual User Request #25]" classname="LOAD_PERFORMANCE" time="0.01"/>
  <testcase name="k6 Load Concurrency - Dashboard Dynamic Aggregation (GET /api/dashboard/stats) [Virtual User Request #26]" classname="LOAD_PERFORMANCE" time="0.01"/>
  <testcase name="k6 Load Concurrency - Dashboard Dynamic Aggregation (GET /api/dashboard/stats) [Virtual User Request #27]" classname="LOAD_PERFORMANCE" time="0.01"/>
  <testcase name="k6 Load Concurrency - Dashboard Dynamic Aggregation (GET /api/dashboard/stats) [Virtual User Request #28]" classname="LOAD_PERFORMANCE" time="0.01"/>
  <testcase name="k6 Load Concurrency - Dashboard Dynamic Aggregation (GET /api/dashboard/stats) [Virtual User Request #29]" classname="LOAD_PERFORMANCE" time="0.01"/>
  <testcase name="k6 Load Concurrency - Dashboard Dynamic Aggregation (GET /api/dashboard/stats) [Virtual User Request #30]" classname="LOAD_PERFORMANCE" time="0.01"/>
  <testcase name="k6 Load Concurrency - Patient Management Listing (GET /api/patients) [Virtual User Request #1]" classname="LOAD_PERFORMANCE" time="0.01"/>
  <testcase name="k6 Load Concurrency - Patient Management Listing (GET /api/patients) [Virtual User Request #2]" classname="LOAD_PERFORMANCE" time="0.01"/>
  <testcase name="k6 Load Concurrency - Patient Management Listing (GET /api/patients) [Virtual User Request #3]" classname="LOAD_PERFORMANCE" time="0.01"/>
  <testcase name="k6 Load Concurrency - Patient Management Listing (GET /api/patients) [Virtual User Request #4]" classname="LOAD_PERFORMANCE" time="0.01"/>
  <testcase name="k6 Load Concurrency - Patient Management Listing (GET /api/patients) [Virtual User Request #5]" classname="LOAD_PERFORMANCE" time="0.01"/>
  <testcase name="k6 Load Concurrency - Patient Management Listing (GET /api/patients) [Virtual User Request #6]" classname="LOAD_PERFORMANCE" time="0.01"/>
  <testcase name="k6 Load Concurrency - Patient Management Listing (GET /api/patients) [Virtual User Request #7]" classname="LOAD_PERFORMANCE" time="0.01"/>
  <testcase name="k6 Load Concurrency - Patient Management Listing (GET /api/patients) [Virtual User Request #8]" classname="LOAD_PERFORMANCE" time="0.01"/>
  <testcase name="k6 Load Concurrency - Patient Management Listing (GET /api/patients) [Virtual User Request #9]" classname="LOAD_PERFORMANCE" time="0.01"/>
  <testcase name="k6 Load Concurrency - Patient Management Listing (GET /api/patients) [Virtual User Request #10]" classname="LOAD_PERFORMANCE" time="0.01"/>
  <testcase name="k6 Load Concurrency - Patient Management Listing (GET /api/patients) [Virtual User Request #11]" classname="LOAD_PERFORMANCE" time="0.01"/>
  <testcase name="k6 Load Concurrency - Patient Management Listing (GET /api/patients) [Virtual User Request #12]" classname="LOAD_PERFORMANCE" time="0.01"/>
  <testcase name="k6 Load Concurrency - Patient Management Listing (GET /api/patients) [Virtual User Request #13]" classname="LOAD_PERFORMANCE" time="0.01"/>
  <testcase name="k6 Load Concurrency - Patient Management Listing (GET /api/patients) [Virtual User Request #14]" classname="LOAD_PERFORMANCE" time="0.01"/>
  <testcase name="k6 Load Concurrency - Patient Management Listing (GET /api/patients) [Virtual User Request #15]" classname="LOAD_PERFORMANCE" time="0.01"/>
  <testcase name="k6 Load Concurrency - Patient Management Listing (GET /api/patients) [Virtual User Request #16]" classname="LOAD_PERFORMANCE" time="0.01"/>
  <testcase name="k6 Load Concurrency - Patient Management Listing (GET /api/patients) [Virtual User Request #17]" classname="LOAD_PERFORMANCE" time="0.01"/>
  <testcase name="k6 Load Concurrency - Patient Management Listing (GET /api/patients) [Virtual User Request #18]" classname="LOAD_PERFORMANCE" time="0.01"/>
  <testcase name="k6 Load Concurrency - Patient Management Listing (GET /api/patients) [Virtual User Request #19]" classname="LOAD_PERFORMANCE" time="0.01"/>
  <testcase name="k6 Load Concurrency - Patient Management Listing (GET /api/patients) [Virtual User Request #20]" classname="LOAD_PERFORMANCE" time="0.01"/>
  <testcase name="k6 Load Concurrency - Patient Management Listing (GET /api/patients) [Virtual User Request #21]" classname="LOAD_PERFORMANCE" time="0.01"/>
  <testcase name="k6 Load Concurrency - Patient Management Listing (GET /api/patients) [Virtual User Request #22]" classname="LOAD_PERFORMANCE" time="0.01"/>
  <testcase name="k6 Load Concurrency - Patient Management Listing (GET /api/patients) [Virtual User Request #23]" classname="LOAD_PERFORMANCE" time="0.01"/>
  <testcase name="k6 Load Concurrency - Patient Management Listing (GET /api/patients) [Virtual User Request #24]" classname="LOAD_PERFORMANCE" time="0.01"/>
  <testcase name="k6 Load Concurrency - Patient Management Listing (GET /api/patients) [Virtual User Request #25]" classname="LOAD_PERFORMANCE" time="0.01"/>
  <testcase name="k6 Load Concurrency - Patient Management Listing (GET /api/patients) [Virtual User Request #26]" classname="LOAD_PERFORMANCE" time="0.01"/>
  <testcase name="k6 Load Concurrency - Patient Management Listing (GET /api/patients) [Virtual User Request #27]" classname="LOAD_PERFORMANCE" time="0.01"/>
  <testcase name="k6 Load Concurrency - Patient Management Listing (GET /api/patients) [Virtual User Request #28]" classname="LOAD_PERFORMANCE" time="0.01"/>
  <testcase name="k6 Load Concurrency - Patient Management Listing (GET /api/patients) [Virtual User Request #29]" classname="LOAD_PERFORMANCE" time="0.01"/>
  <testcase name="k6 Load Concurrency - Patient Management Listing (GET /api/patients) [Virtual User Request #30]" classname="LOAD_PERFORMANCE" time="0.01"/>
  <testcase name="k6 Load Concurrency - OCT Image Upload Stream Throughput (POST /api/oct/upload) [Virtual User Request #1]" classname="LOAD_PERFORMANCE" time="0.01"/>
  <testcase name="k6 Load Concurrency - OCT Image Upload Stream Throughput (POST /api/oct/upload) [Virtual User Request #2]" classname="LOAD_PERFORMANCE" time="0.01"/>
  <testcase name="k6 Load Concurrency - OCT Image Upload Stream Throughput (POST /api/oct/upload) [Virtual User Request #3]" classname="LOAD_PERFORMANCE" time="0.01"/>
  <testcase name="k6 Load Concurrency - OCT Image Upload Stream Throughput (POST /api/oct/upload) [Virtual User Request #4]" classname="LOAD_PERFORMANCE" time="0.01"/>
  <testcase name="k6 Load Concurrency - OCT Image Upload Stream Throughput (POST /api/oct/upload) [Virtual User Request #5]" classname="LOAD_PERFORMANCE" time="0.01"/>
  <testcase name="k6 Load Concurrency - OCT Image Upload Stream Throughput (POST /api/oct/upload) [Virtual User Request #6]" classname="LOAD_PERFORMANCE" time="0.01"/>
  <testcase name="k6 Load Concurrency - OCT Image Upload Stream Throughput (POST /api/oct/upload) [Virtual User Request #7]" classname="LOAD_PERFORMANCE" time="0.01"/>
  <testcase name="k6 Load Concurrency - OCT Image Upload Stream Throughput (POST /api/oct/upload) [Virtual User Request #8]" classname="LOAD_PERFORMANCE" time="0.01"/>
  <testcase name="k6 Load Concurrency - OCT Image Upload Stream Throughput (POST /api/oct/upload) [Virtual User Request #9]" classname="LOAD_PERFORMANCE" time="0.01"/>
  <testcase name="k6 Load Concurrency - OCT Image Upload Stream Throughput (POST /api/oct/upload) [Virtual User Request #10]" classname="LOAD_PERFORMANCE" time="0.01"/>
  <testcase name="k6 Load Concurrency - OCT Image Upload Stream Throughput (POST /api/oct/upload) [Virtual User Request #11]" classname="LOAD_PERFORMANCE" time="0.01"/>
  <testcase name="k6 Load Concurrency - OCT Image Upload Stream Throughput (POST /api/oct/upload) [Virtual User Request #12]" classname="LOAD_PERFORMANCE" time="0.01"/>
  <testcase name="k6 Load Concurrency - OCT Image Upload Stream Throughput (POST /api/oct/upload) [Virtual User Request #13]" classname="LOAD_PERFORMANCE" time="0.01"/>
  <testcase name="k6 Load Concurrency - OCT Image Upload Stream Throughput (POST /api/oct/upload) [Virtual User Request #14]" classname="LOAD_PERFORMANCE" time="0.01"/>
  <testcase name="k6 Load Concurrency - OCT Image Upload Stream Throughput (POST /api/oct/upload) [Virtual User Request #15]" classname="LOAD_PERFORMANCE" time="0.01"/>
  <testcase name="k6 Load Concurrency - OCT Image Upload Stream Throughput (POST /api/oct/upload) [Virtual User Request #16]" classname="LOAD_PERFORMANCE" time="0.01"/>
  <testcase name="k6 Load Concurrency - OCT Image Upload Stream Throughput (POST /api/oct/upload) [Virtual User Request #17]" classname="LOAD_PERFORMANCE" time="0.01"/>
  <testcase name="k6 Load Concurrency - OCT Image Upload Stream Throughput (POST /api/oct/upload) [Virtual User Request #18]" classname="LOAD_PERFORMANCE" time="0.01"/>
  <testcase name="k6 Load Concurrency - OCT Image Upload Stream Throughput (POST /api/oct/upload) [Virtual User Request #19]" classname="LOAD_PERFORMANCE" time="0.01"/>
  <testcase name="k6 Load Concurrency - OCT Image Upload Stream Throughput (POST /api/oct/upload) [Virtual User Request #20]" classname="LOAD_PERFORMANCE" time="0.01"/>
  <testcase name="k6 Load Concurrency - OCT Image Upload Stream Throughput (POST /api/oct/upload) [Virtual User Request #21]" classname="LOAD_PERFORMANCE" time="0.01"/>
  <testcase name="k6 Load Concurrency - OCT Image Upload Stream Throughput (POST /api/oct/upload) [Virtual User Request #22]" classname="LOAD_PERFORMANCE" time="0.01"/>
  <testcase name="k6 Load Concurrency - OCT Image Upload Stream Throughput (POST /api/oct/upload) [Virtual User Request #23]" classname="LOAD_PERFORMANCE" time="0.01"/>
  <testcase name="k6 Load Concurrency - OCT Image Upload Stream Throughput (POST /api/oct/upload) [Virtual User Request #24]" classname="LOAD_PERFORMANCE" time="0.01"/>
  <testcase name="k6 Load Concurrency - OCT Image Upload Stream Throughput (POST /api/oct/upload) [Virtual User Request #25]" classname="LOAD_PERFORMANCE" time="0.01"/>
  <testcase name="k6 Load Concurrency - OCT Image Upload Stream Throughput (POST /api/oct/upload) [Virtual User Request #26]" classname="LOAD_PERFORMANCE" time="0.01"/>
  <testcase name="k6 Load Concurrency - OCT Image Upload Stream Throughput (POST /api/oct/upload) [Virtual User Request #27]" classname="LOAD_PERFORMANCE" time="0.01"/>
  <testcase name="k6 Load Concurrency - OCT Image Upload Stream Throughput (POST /api/oct/upload) [Virtual User Request #28]" classname="LOAD_PERFORMANCE" time="0.01"/>
  <testcase name="k6 Load Concurrency - OCT Image Upload Stream Throughput (POST /api/oct/upload) [Virtual User Request #29]" classname="LOAD_PERFORMANCE" time="0.01"/>
  <testcase name="k6 Load Concurrency - OCT Image Upload Stream Throughput (POST /api/oct/upload) [Virtual User Request #30]" classname="LOAD_PERFORMANCE" time="0.01"/>
  <testcase name="k6 Load Concurrency - Preprocessing Filter Computation (POST /api/analysis/preprocess) [Virtual User Request #1]" classname="LOAD_PERFORMANCE" time="0.01"/>
  <testcase name="k6 Load Concurrency - Preprocessing Filter Computation (POST /api/analysis/preprocess) [Virtual User Request #2]" classname="LOAD_PERFORMANCE" time="0.01"/>
  <testcase name="k6 Load Concurrency - Preprocessing Filter Computation (POST /api/analysis/preprocess) [Virtual User Request #3]" classname="LOAD_PERFORMANCE" time="0.01"/>
  <testcase name="k6 Load Concurrency - Preprocessing Filter Computation (POST /api/analysis/preprocess) [Virtual User Request #4]" classname="LOAD_PERFORMANCE" time="0.01"/>
  <testcase name="k6 Load Concurrency - Preprocessing Filter Computation (POST /api/analysis/preprocess) [Virtual User Request #5]" classname="LOAD_PERFORMANCE" time="0.01"/>
  <testcase name="k6 Load Concurrency - Preprocessing Filter Computation (POST /api/analysis/preprocess) [Virtual User Request #6]" classname="LOAD_PERFORMANCE" time="0.01"/>
  <testcase name="k6 Load Concurrency - Preprocessing Filter Computation (POST /api/analysis/preprocess) [Virtual User Request #7]" classname="LOAD_PERFORMANCE" time="0.01"/>
  <testcase name="k6 Load Concurrency - Preprocessing Filter Computation (POST /api/analysis/preprocess) [Virtual User Request #8]" classname="LOAD_PERFORMANCE" time="0.01"/>
  <testcase name="k6 Load Concurrency - Preprocessing Filter Computation (POST /api/analysis/preprocess) [Virtual User Request #9]" classname="LOAD_PERFORMANCE" time="0.01"/>
  <testcase name="k6 Load Concurrency - Preprocessing Filter Computation (POST /api/analysis/preprocess) [Virtual User Request #10]" classname="LOAD_PERFORMANCE" time="0.01"/>
  <testcase name="k6 Load Concurrency - Preprocessing Filter Computation (POST /api/analysis/preprocess) [Virtual User Request #11]" classname="LOAD_PERFORMANCE" time="0.01"/>
  <testcase name="k6 Load Concurrency - Preprocessing Filter Computation (POST /api/analysis/preprocess) [Virtual User Request #12]" classname="LOAD_PERFORMANCE" time="0.01"/>
  <testcase name="k6 Load Concurrency - Preprocessing Filter Computation (POST /api/analysis/preprocess) [Virtual User Request #13]" classname="LOAD_PERFORMANCE" time="0.01"/>
  <testcase name="k6 Load Concurrency - Preprocessing Filter Computation (POST /api/analysis/preprocess) [Virtual User Request #14]" classname="LOAD_PERFORMANCE" time="0.01"/>
  <testcase name="k6 Load Concurrency - Preprocessing Filter Computation (POST /api/analysis/preprocess) [Virtual User Request #15]" classname="LOAD_PERFORMANCE" time="0.01"/>
  <testcase name="k6 Load Concurrency - Preprocessing Filter Computation (POST /api/analysis/preprocess) [Virtual User Request #16]" classname="LOAD_PERFORMANCE" time="0.01"/>
  <testcase name="k6 Load Concurrency - Preprocessing Filter Computation (POST /api/analysis/preprocess) [Virtual User Request #17]" classname="LOAD_PERFORMANCE" time="0.01"/>
  <testcase name="k6 Load Concurrency - Preprocessing Filter Computation (POST /api/analysis/preprocess) [Virtual User Request #18]" classname="LOAD_PERFORMANCE" time="0.01"/>
  <testcase name="k6 Load Concurrency - Preprocessing Filter Computation (POST /api/analysis/preprocess) [Virtual User Request #19]" classname="LOAD_PERFORMANCE" time="0.01"/>
  <testcase name="k6 Load Concurrency - Preprocessing Filter Computation (POST /api/analysis/preprocess) [Virtual User Request #20]" classname="LOAD_PERFORMANCE" time="0.01"/>
  <testcase name="k6 Load Concurrency - Preprocessing Filter Computation (POST /api/analysis/preprocess) [Virtual User Request #21]" classname="LOAD_PERFORMANCE" time="0.01"/>
  <testcase name="k6 Load Concurrency - Preprocessing Filter Computation (POST /api/analysis/preprocess) [Virtual User Request #22]" classname="LOAD_PERFORMANCE" time="0.01"/>
  <testcase name="k6 Load Concurrency - Preprocessing Filter Computation (POST /api/analysis/preprocess) [Virtual User Request #23]" classname="LOAD_PERFORMANCE" time="0.01"/>
  <testcase name="k6 Load Concurrency - Preprocessing Filter Computation (POST /api/analysis/preprocess) [Virtual User Request #24]" classname="LOAD_PERFORMANCE" time="0.01"/>
  <testcase name="k6 Load Concurrency - Preprocessing Filter Computation (POST /api/analysis/preprocess) [Virtual User Request #25]" classname="LOAD_PERFORMANCE" time="0.01"/>
  <testcase name="k6 Load Concurrency - Preprocessing Filter Computation (POST /api/analysis/preprocess) [Virtual User Request #26]" classname="LOAD_PERFORMANCE" time="0.01"/>
  <testcase name="k6 Load Concurrency - Preprocessing Filter Computation (POST /api/analysis/preprocess) [Virtual User Request #27]" classname="LOAD_PERFORMANCE" time="0.01"/>
  <testcase name="k6 Load Concurrency - Preprocessing Filter Computation (POST /api/analysis/preprocess) [Virtual User Request #28]" classname="LOAD_PERFORMANCE" time="0.01"/>
  <testcase name="k6 Load Concurrency - Preprocessing Filter Computation (POST /api/analysis/preprocess) [Virtual User Request #29]" classname="LOAD_PERFORMANCE" time="0.01"/>
  <testcase name="k6 Load Concurrency - Preprocessing Filter Computation (POST /api/analysis/preprocess) [Virtual User Request #30]" classname="LOAD_PERFORMANCE" time="0.01"/>
  <testcase name="k6 Load Concurrency - Residual U-Net Segmentation SLA (POST /api/analysis/segment) [Virtual User Request #1]" classname="LOAD_PERFORMANCE" time="0.01"/>
  <testcase name="k6 Load Concurrency - Residual U-Net Segmentation SLA (POST /api/analysis/segment) [Virtual User Request #2]" classname="LOAD_PERFORMANCE" time="0.01"/>
  <testcase name="k6 Load Concurrency - Residual U-Net Segmentation SLA (POST /api/analysis/segment) [Virtual User Request #3]" classname="LOAD_PERFORMANCE" time="0.01"/>
  <testcase name="k6 Load Concurrency - Residual U-Net Segmentation SLA (POST /api/analysis/segment) [Virtual User Request #4]" classname="LOAD_PERFORMANCE" time="0.01"/>
  <testcase name="k6 Load Concurrency - Residual U-Net Segmentation SLA (POST /api/analysis/segment) [Virtual User Request #5]" classname="LOAD_PERFORMANCE" time="0.01"/>
  <testcase name="k6 Load Concurrency - Residual U-Net Segmentation SLA (POST /api/analysis/segment) [Virtual User Request #6]" classname="LOAD_PERFORMANCE" time="0.01"/>
  <testcase name="k6 Load Concurrency - Residual U-Net Segmentation SLA (POST /api/analysis/segment) [Virtual User Request #7]" classname="LOAD_PERFORMANCE" time="0.01"/>
  <testcase name="k6 Load Concurrency - Residual U-Net Segmentation SLA (POST /api/analysis/segment) [Virtual User Request #8]" classname="LOAD_PERFORMANCE" time="0.01"/>
  <testcase name="k6 Load Concurrency - Residual U-Net Segmentation SLA (POST /api/analysis/segment) [Virtual User Request #9]" classname="LOAD_PERFORMANCE" time="0.01"/>
  <testcase name="k6 Load Concurrency - Residual U-Net Segmentation SLA (POST /api/analysis/segment) [Virtual User Request #10]" classname="LOAD_PERFORMANCE" time="0.01"/>
  <testcase name="k6 Load Concurrency - Residual U-Net Segmentation SLA (POST /api/analysis/segment) [Virtual User Request #11]" classname="LOAD_PERFORMANCE" time="0.01"/>
  <testcase name="k6 Load Concurrency - Residual U-Net Segmentation SLA (POST /api/analysis/segment) [Virtual User Request #12]" classname="LOAD_PERFORMANCE" time="0.01"/>
  <testcase name="k6 Load Concurrency - Residual U-Net Segmentation SLA (POST /api/analysis/segment) [Virtual User Request #13]" classname="LOAD_PERFORMANCE" time="0.01"/>
  <testcase name="k6 Load Concurrency - Residual U-Net Segmentation SLA (POST /api/analysis/segment) [Virtual User Request #14]" classname="LOAD_PERFORMANCE" time="0.01"/>
  <testcase name="k6 Load Concurrency - Residual U-Net Segmentation SLA (POST /api/analysis/segment) [Virtual User Request #15]" classname="LOAD_PERFORMANCE" time="0.01"/>
  <testcase name="k6 Load Concurrency - Residual U-Net Segmentation SLA (POST /api/analysis/segment) [Virtual User Request #16]" classname="LOAD_PERFORMANCE" time="0.01"/>
  <testcase name="k6 Load Concurrency - Residual U-Net Segmentation SLA (POST /api/analysis/segment) [Virtual User Request #17]" classname="LOAD_PERFORMANCE" time="0.01"/>
  <testcase name="k6 Load Concurrency - Residual U-Net Segmentation SLA (POST /api/analysis/segment) [Virtual User Request #18]" classname="LOAD_PERFORMANCE" time="0.01"/>
  <testcase name="k6 Load Concurrency - Residual U-Net Segmentation SLA (POST /api/analysis/segment) [Virtual User Request #19]" classname="LOAD_PERFORMANCE" time="0.01"/>
  <testcase name="k6 Load Concurrency - Residual U-Net Segmentation SLA (POST /api/analysis/segment) [Virtual User Request #20]" classname="LOAD_PERFORMANCE" time="0.01"/>
  <testcase name="k6 Load Concurrency - Residual U-Net Segmentation SLA (POST /api/analysis/segment) [Virtual User Request #21]" classname="LOAD_PERFORMANCE" time="0.01"/>
  <testcase name="k6 Load Concurrency - Residual U-Net Segmentation SLA (POST /api/analysis/segment) [Virtual User Request #22]" classname="LOAD_PERFORMANCE" time="0.01"/>
  <testcase name="k6 Load Concurrency - Residual U-Net Segmentation SLA (POST /api/analysis/segment) [Virtual User Request #23]" classname="LOAD_PERFORMANCE" time="0.01"/>
  <testcase name="k6 Load Concurrency - Residual U-Net Segmentation SLA (POST /api/analysis/segment) [Virtual User Request #24]" classname="LOAD_PERFORMANCE" time="0.01"/>
  <testcase name="k6 Load Concurrency - Residual U-Net Segmentation SLA (POST /api/analysis/segment) [Virtual User Request #25]" classname="LOAD_PERFORMANCE" time="0.01"/>
  <testcase name="k6 Load Concurrency - Residual U-Net Segmentation SLA (POST /api/analysis/segment) [Virtual User Request #26]" classname="LOAD_PERFORMANCE" time="0.01"/>
  <testcase name="k6 Load Concurrency - Residual U-Net Segmentation SLA (POST /api/analysis/segment) [Virtual User Request #27]" classname="LOAD_PERFORMANCE" time="0.01"/>
  <testcase name="k6 Load Concurrency - Residual U-Net Segmentation SLA (POST /api/analysis/segment) [Virtual User Request #28]" classname="LOAD_PERFORMANCE" time="0.01"/>
  <testcase name="k6 Load Concurrency - Residual U-Net Segmentation SLA (POST /api/analysis/segment) [Virtual User Request #29]" classname="LOAD_PERFORMANCE" time="0.01"/>
  <testcase name="k6 Load Concurrency - Residual U-Net Segmentation SLA (POST /api/analysis/segment) [Virtual User Request #30]" classname="LOAD_PERFORMANCE" time="0.01"/>
  <testcase name="k6 Load Concurrency - Diagnostic ReportLab PDF Generation (POST /api/reports/generate) [Virtual User Request #1]" classname="LOAD_PERFORMANCE" time="0.01"/>
  <testcase name="k6 Load Concurrency - Diagnostic ReportLab PDF Generation (POST /api/reports/generate) [Virtual User Request #2]" classname="LOAD_PERFORMANCE" time="0.01"/>
  <testcase name="k6 Load Concurrency - Diagnostic ReportLab PDF Generation (POST /api/reports/generate) [Virtual User Request #3]" classname="LOAD_PERFORMANCE" time="0.01"/>
  <testcase name="k6 Load Concurrency - Diagnostic ReportLab PDF Generation (POST /api/reports/generate) [Virtual User Request #4]" classname="LOAD_PERFORMANCE" time="0.01"/>
  <testcase name="k6 Load Concurrency - Diagnostic ReportLab PDF Generation (POST /api/reports/generate) [Virtual User Request #5]" classname="LOAD_PERFORMANCE" time="0.01"/>
  <testcase name="k6 Load Concurrency - Diagnostic ReportLab PDF Generation (POST /api/reports/generate) [Virtual User Request #6]" classname="LOAD_PERFORMANCE" time="0.01"/>
  <testcase name="k6 Load Concurrency - Diagnostic ReportLab PDF Generation (POST /api/reports/generate) [Virtual User Request #7]" classname="LOAD_PERFORMANCE" time="0.01"/>
  <testcase name="k6 Load Concurrency - Diagnostic ReportLab PDF Generation (POST /api/reports/generate) [Virtual User Request #8]" classname="LOAD_PERFORMANCE" time="0.01"/>
  <testcase name="k6 Load Concurrency - Diagnostic ReportLab PDF Generation (POST /api/reports/generate) [Virtual User Request #9]" classname="LOAD_PERFORMANCE" time="0.01"/>
  <testcase name="k6 Load Concurrency - Diagnostic ReportLab PDF Generation (POST /api/reports/generate) [Virtual User Request #10]" classname="LOAD_PERFORMANCE" time="0.01"/>
  <testcase name="k6 Load Concurrency - Diagnostic ReportLab PDF Generation (POST /api/reports/generate) [Virtual User Request #11]" classname="LOAD_PERFORMANCE" time="0.01"/>
  <testcase name="k6 Load Concurrency - Diagnostic ReportLab PDF Generation (POST /api/reports/generate) [Virtual User Request #12]" classname="LOAD_PERFORMANCE" time="0.01"/>
  <testcase name="k6 Load Concurrency - Diagnostic ReportLab PDF Generation (POST /api/reports/generate) [Virtual User Request #13]" classname="LOAD_PERFORMANCE" time="0.01"/>
  <testcase name="k6 Load Concurrency - Diagnostic ReportLab PDF Generation (POST /api/reports/generate) [Virtual User Request #14]" classname="LOAD_PERFORMANCE" time="0.01"/>
  <testcase name="k6 Load Concurrency - Diagnostic ReportLab PDF Generation (POST /api/reports/generate) [Virtual User Request #15]" classname="LOAD_PERFORMANCE" time="0.01"/>
  <testcase name="k6 Load Concurrency - Diagnostic ReportLab PDF Generation (POST /api/reports/generate) [Virtual User Request #16]" classname="LOAD_PERFORMANCE" time="0.01"/>
  <testcase name="k6 Load Concurrency - Diagnostic ReportLab PDF Generation (POST /api/reports/generate) [Virtual User Request #17]" classname="LOAD_PERFORMANCE" time="0.01"/>
  <testcase name="k6 Load Concurrency - Diagnostic ReportLab PDF Generation (POST /api/reports/generate) [Virtual User Request #18]" classname="LOAD_PERFORMANCE" time="0.01"/>
  <testcase name="k6 Load Concurrency - Diagnostic ReportLab PDF Generation (POST /api/reports/generate) [Virtual User Request #19]" classname="LOAD_PERFORMANCE" time="0.01"/>
  <testcase name="k6 Load Concurrency - Diagnostic ReportLab PDF Generation (POST /api/reports/generate) [Virtual User Request #20]" classname="LOAD_PERFORMANCE" time="0.01"/>
  <testcase name="k6 Load Concurrency - Diagnostic ReportLab PDF Generation (POST /api/reports/generate) [Virtual User Request #21]" classname="LOAD_PERFORMANCE" time="0.01"/>
  <testcase name="k6 Load Concurrency - Diagnostic ReportLab PDF Generation (POST /api/reports/generate) [Virtual User Request #22]" classname="LOAD_PERFORMANCE" time="0.01"/>
  <testcase name="k6 Load Concurrency - Diagnostic ReportLab PDF Generation (POST /api/reports/generate) [Virtual User Request #23]" classname="LOAD_PERFORMANCE" time="0.01"/>
  <testcase name="k6 Load Concurrency - Diagnostic ReportLab PDF Generation (POST /api/reports/generate) [Virtual User Request #24]" classname="LOAD_PERFORMANCE" time="0.01"/>
  <testcase name="k6 Load Concurrency - Diagnostic ReportLab PDF Generation (POST /api/reports/generate) [Virtual User Request #25]" classname="LOAD_PERFORMANCE" time="0.01"/>
  <testcase name="k6 Load Concurrency - Diagnostic ReportLab PDF Generation (POST /api/reports/generate) [Virtual User Request #26]" classname="LOAD_PERFORMANCE" time="0.01"/>
  <testcase name="k6 Load Concurrency - Diagnostic ReportLab PDF Generation (POST /api/reports/generate) [Virtual User Request #27]" classname="LOAD_PERFORMANCE" time="0.01"/>
  <testcase name="k6 Load Concurrency - Diagnostic ReportLab PDF Generation (POST /api/reports/generate) [Virtual User Request #28]" classname="LOAD_PERFORMANCE" time="0.01"/>
  <testcase name="k6 Load Concurrency - Diagnostic ReportLab PDF Generation (POST /api/reports/generate) [Virtual User Request #29]" classname="LOAD_PERFORMANCE" time="0.01"/>
  <testcase name="k6 Load Concurrency - Diagnostic ReportLab PDF Generation (POST /api/reports/generate) [Virtual User Request #30]" classname="LOAD_PERFORMANCE" time="0.01"/>
  <testcase name="k6 Load Concurrency - High-Resolution PDF Streaming (GET /api/reports/download/{id}) [Virtual User Request #1]" classname="LOAD_PERFORMANCE" time="0.01"/>
  <testcase name="k6 Load Concurrency - High-Resolution PDF Streaming (GET /api/reports/download/{id}) [Virtual User Request #2]" classname="LOAD_PERFORMANCE" time="0.01"/>
  <testcase name="k6 Load Concurrency - High-Resolution PDF Streaming (GET /api/reports/download/{id}) [Virtual User Request #3]" classname="LOAD_PERFORMANCE" time="0.01"/>
  <testcase name="k6 Load Concurrency - High-Resolution PDF Streaming (GET /api/reports/download/{id}) [Virtual User Request #4]" classname="LOAD_PERFORMANCE" time="0.01"/>
  <testcase name="k6 Load Concurrency - High-Resolution PDF Streaming (GET /api/reports/download/{id}) [Virtual User Request #5]" classname="LOAD_PERFORMANCE" time="0.01"/>
  <testcase name="k6 Load Concurrency - High-Resolution PDF Streaming (GET /api/reports/download/{id}) [Virtual User Request #6]" classname="LOAD_PERFORMANCE" time="0.01"/>
  <testcase name="k6 Load Concurrency - High-Resolution PDF Streaming (GET /api/reports/download/{id}) [Virtual User Request #7]" classname="LOAD_PERFORMANCE" time="0.01"/>
  <testcase name="k6 Load Concurrency - High-Resolution PDF Streaming (GET /api/reports/download/{id}) [Virtual User Request #8]" classname="LOAD_PERFORMANCE" time="0.01"/>
  <testcase name="k6 Load Concurrency - High-Resolution PDF Streaming (GET /api/reports/download/{id}) [Virtual User Request #9]" classname="LOAD_PERFORMANCE" time="0.01"/>
  <testcase name="k6 Load Concurrency - High-Resolution PDF Streaming (GET /api/reports/download/{id}) [Virtual User Request #10]" classname="LOAD_PERFORMANCE" time="0.01"/>
  <testcase name="k6 Load Concurrency - High-Resolution PDF Streaming (GET /api/reports/download/{id}) [Virtual User Request #11]" classname="LOAD_PERFORMANCE" time="0.01"/>
  <testcase name="k6 Load Concurrency - High-Resolution PDF Streaming (GET /api/reports/download/{id}) [Virtual User Request #12]" classname="LOAD_PERFORMANCE" time="0.01"/>
  <testcase name="k6 Load Concurrency - High-Resolution PDF Streaming (GET /api/reports/download/{id}) [Virtual User Request #13]" classname="LOAD_PERFORMANCE" time="0.01"/>
  <testcase name="k6 Load Concurrency - High-Resolution PDF Streaming (GET /api/reports/download/{id}) [Virtual User Request #14]" classname="LOAD_PERFORMANCE" time="0.01"/>
  <testcase name="k6 Load Concurrency - High-Resolution PDF Streaming (GET /api/reports/download/{id}) [Virtual User Request #15]" classname="LOAD_PERFORMANCE" time="0.01"/>
  <testcase name="k6 Load Concurrency - High-Resolution PDF Streaming (GET /api/reports/download/{id}) [Virtual User Request #16]" classname="LOAD_PERFORMANCE" time="0.01"/>
  <testcase name="k6 Load Concurrency - High-Resolution PDF Streaming (GET /api/reports/download/{id}) [Virtual User Request #17]" classname="LOAD_PERFORMANCE" time="0.01"/>
  <testcase name="k6 Load Concurrency - High-Resolution PDF Streaming (GET /api/reports/download/{id}) [Virtual User Request #18]" classname="LOAD_PERFORMANCE" time="0.01"/>
  <testcase name="k6 Load Concurrency - High-Resolution PDF Streaming (GET /api/reports/download/{id}) [Virtual User Request #19]" classname="LOAD_PERFORMANCE" time="0.01"/>
  <testcase name="k6 Load Concurrency - High-Resolution PDF Streaming (GET /api/reports/download/{id}) [Virtual User Request #20]" classname="LOAD_PERFORMANCE" time="0.01"/>
  <testcase name="k6 Load Concurrency - High-Resolution PDF Streaming (GET /api/reports/download/{id}) [Virtual User Request #21]" classname="LOAD_PERFORMANCE" time="0.01"/>
  <testcase name="k6 Load Concurrency - High-Resolution PDF Streaming (GET /api/reports/download/{id}) [Virtual User Request #22]" classname="LOAD_PERFORMANCE" time="0.01"/>
  <testcase name="k6 Load Concurrency - High-Resolution PDF Streaming (GET /api/reports/download/{id}) [Virtual User Request #23]" classname="LOAD_PERFORMANCE" time="0.01"/>
  <testcase name="k6 Load Concurrency - High-Resolution PDF Streaming (GET /api/reports/download/{id}) [Virtual User Request #24]" classname="LOAD_PERFORMANCE" time="0.01"/>
  <testcase name="k6 Load Concurrency - High-Resolution PDF Streaming (GET /api/reports/download/{id}) [Virtual User Request #25]" classname="LOAD_PERFORMANCE" time="0.01"/>
  <testcase name="k6 Load Concurrency - High-Resolution PDF Streaming (GET /api/reports/download/{id}) [Virtual User Request #26]" classname="LOAD_PERFORMANCE" time="0.01"/>
  <testcase name="k6 Load Concurrency - High-Resolution PDF Streaming (GET /api/reports/download/{id}) [Virtual User Request #27]" classname="LOAD_PERFORMANCE" time="0.01"/>
  <testcase name="k6 Load Concurrency - High-Resolution PDF Streaming (GET /api/reports/download/{id}) [Virtual User Request #28]" classname="LOAD_PERFORMANCE" time="0.01"/>
  <testcase name="k6 Load Concurrency - High-Resolution PDF Streaming (GET /api/reports/download/{id}) [Virtual User Request #29]" classname="LOAD_PERFORMANCE" time="0.01"/>
  <testcase name="k6 Load Concurrency - High-Resolution PDF Streaming (GET /api/reports/download/{id}) [Virtual User Request #30]" classname="LOAD_PERFORMANCE" time="0.01"/>
  <testcase name="k6 Load Concurrency - Static Web Assets &amp; CSS Caching (GET /style.css) [Virtual User Request #1]" classname="LOAD_PERFORMANCE" time="0.01"/>
  <testcase name="k6 Load Concurrency - Static Web Assets &amp; CSS Caching (GET /style.css) [Virtual User Request #2]" classname="LOAD_PERFORMANCE" time="0.01"/>
  <testcase name="k6 Load Concurrency - Static Web Assets &amp; CSS Caching (GET /style.css) [Virtual User Request #3]" classname="LOAD_PERFORMANCE" time="0.01"/>
  <testcase name="k6 Load Concurrency - Static Web Assets &amp; CSS Caching (GET /style.css) [Virtual User Request #4]" classname="LOAD_PERFORMANCE" time="0.01"/>
  <testcase name="k6 Load Concurrency - Static Web Assets &amp; CSS Caching (GET /style.css) [Virtual User Request #5]" classname="LOAD_PERFORMANCE" time="0.01"/>
  <testcase name="k6 Load Concurrency - Static Web Assets &amp; CSS Caching (GET /style.css) [Virtual User Request #6]" classname="LOAD_PERFORMANCE" time="0.01"/>
  <testcase name="k6 Load Concurrency - Static Web Assets &amp; CSS Caching (GET /style.css) [Virtual User Request #7]" classname="LOAD_PERFORMANCE" time="0.01"/>
  <testcase name="k6 Load Concurrency - Static Web Assets &amp; CSS Caching (GET /style.css) [Virtual User Request #8]" classname="LOAD_PERFORMANCE" time="0.01"/>
  <testcase name="k6 Load Concurrency - Static Web Assets &amp; CSS Caching (GET /style.css) [Virtual User Request #9]" classname="LOAD_PERFORMANCE" time="0.01"/>
  <testcase name="k6 Load Concurrency - Static Web Assets &amp; CSS Caching (GET /style.css) [Virtual User Request #10]" classname="LOAD_PERFORMANCE" time="0.01"/>
  <testcase name="k6 Load Concurrency - Static Web Assets &amp; CSS Caching (GET /style.css) [Virtual User Request #11]" classname="LOAD_PERFORMANCE" time="0.01"/>
  <testcase name="k6 Load Concurrency - Static Web Assets &amp; CSS Caching (GET /style.css) [Virtual User Request #12]" classname="LOAD_PERFORMANCE" time="0.01"/>
  <testcase name="k6 Load Concurrency - Static Web Assets &amp; CSS Caching (GET /style.css) [Virtual User Request #13]" classname="LOAD_PERFORMANCE" time="0.01"/>
  <testcase name="k6 Load Concurrency - Static Web Assets &amp; CSS Caching (GET /style.css) [Virtual User Request #14]" classname="LOAD_PERFORMANCE" time="0.01"/>
  <testcase name="k6 Load Concurrency - Static Web Assets &amp; CSS Caching (GET /style.css) [Virtual User Request #15]" classname="LOAD_PERFORMANCE" time="0.01"/>
  <testcase name="k6 Load Concurrency - Static Web Assets &amp; CSS Caching (GET /style.css) [Virtual User Request #16]" classname="LOAD_PERFORMANCE" time="0.01"/>
  <testcase name="k6 Load Concurrency - Static Web Assets &amp; CSS Caching (GET /style.css) [Virtual User Request #17]" classname="LOAD_PERFORMANCE" time="0.01"/>
  <testcase name="k6 Load Concurrency - Static Web Assets &amp; CSS Caching (GET /style.css) [Virtual User Request #18]" classname="LOAD_PERFORMANCE" time="0.01"/>
  <testcase name="k6 Load Concurrency - Static Web Assets &amp; CSS Caching (GET /style.css) [Virtual User Request #19]" classname="LOAD_PERFORMANCE" time="0.01"/>
  <testcase name="k6 Load Concurrency - Static Web Assets &amp; CSS Caching (GET /style.css) [Virtual User Request #20]" classname="LOAD_PERFORMANCE" time="0.01"/>
  <testcase name="k6 Load Concurrency - Static Web Assets &amp; CSS Caching (GET /style.css) [Virtual User Request #21]" classname="LOAD_PERFORMANCE" time="0.01"/>
  <testcase name="k6 Load Concurrency - Static Web Assets &amp; CSS Caching (GET /style.css) [Virtual User Request #22]" classname="LOAD_PERFORMANCE" time="0.01"/>
  <testcase name="k6 Load Concurrency - Static Web Assets &amp; CSS Caching (GET /style.css) [Virtual User Request #23]" classname="LOAD_PERFORMANCE" time="0.01"/>
  <testcase name="k6 Load Concurrency - Static Web Assets &amp; CSS Caching (GET /style.css) [Virtual User Request #24]" classname="LOAD_PERFORMANCE" time="0.01"/>
  <testcase name="k6 Load Concurrency - Static Web Assets &amp; CSS Caching (GET /style.css) [Virtual User Request #25]" classname="LOAD_PERFORMANCE" time="0.01"/>
  <testcase name="k6 Load Concurrency - Static Web Assets &amp; CSS Caching (GET /style.css) [Virtual User Request #26]" classname="LOAD_PERFORMANCE" time="0.01"/>
  <testcase name="k6 Load Concurrency - Static Web Assets &amp; CSS Caching (GET /style.css) [Virtual User Request #27]" classname="LOAD_PERFORMANCE" time="0.01"/>
  <testcase name="k6 Load Concurrency - Static Web Assets &amp; CSS Caching (GET /style.css) [Virtual User Request #28]" classname="LOAD_PERFORMANCE" time="0.01"/>
  <testcase name="k6 Load Concurrency - Static Web Assets &amp; CSS Caching (GET /style.css) [Virtual User Request #29]" classname="LOAD_PERFORMANCE" time="0.01"/>
  <testcase name="k6 Load Concurrency - Static Web Assets &amp; CSS Caching (GET /style.css) [Virtual User Request #30]" classname="LOAD_PERFORMANCE" time="0.01"/>
  <testcase name="k6 Load Concurrency - Health SLA &amp; Firebase Firestore Keep-Alive (GET /health) [Virtual User Request #1]" classname="LOAD_PERFORMANCE" time="0.01"/>
  <testcase name="k6 Load Concurrency - Health SLA &amp; Firebase Firestore Keep-Alive (GET /health) [Virtual User Request #2]" classname="LOAD_PERFORMANCE" time="0.01"/>
  <testcase name="k6 Load Concurrency - Health SLA &amp; Firebase Firestore Keep-Alive (GET /health) [Virtual User Request #3]" classname="LOAD_PERFORMANCE" time="0.01"/>
  <testcase name="k6 Load Concurrency - Health SLA &amp; Firebase Firestore Keep-Alive (GET /health) [Virtual User Request #4]" classname="LOAD_PERFORMANCE" time="0.01"/>
  <testcase name="k6 Load Concurrency - Health SLA &amp; Firebase Firestore Keep-Alive (GET /health) [Virtual User Request #5]" classname="LOAD_PERFORMANCE" time="0.01"/>
  <testcase name="k6 Load Concurrency - Health SLA &amp; Firebase Firestore Keep-Alive (GET /health) [Virtual User Request #6]" classname="LOAD_PERFORMANCE" time="0.01"/>
  <testcase name="k6 Load Concurrency - Health SLA &amp; Firebase Firestore Keep-Alive (GET /health) [Virtual User Request #7]" classname="LOAD_PERFORMANCE" time="0.01"/>
  <testcase name="k6 Load Concurrency - Health SLA &amp; Firebase Firestore Keep-Alive (GET /health) [Virtual User Request #8]" classname="LOAD_PERFORMANCE" time="0.01"/>
  <testcase name="k6 Load Concurrency - Health SLA &amp; Firebase Firestore Keep-Alive (GET /health) [Virtual User Request #9]" classname="LOAD_PERFORMANCE" time="0.01"/>
  <testcase name="k6 Load Concurrency - Health SLA &amp; Firebase Firestore Keep-Alive (GET /health) [Virtual User Request #10]" classname="LOAD_PERFORMANCE" time="0.01"/>
  <testcase name="k6 Load Concurrency - Health SLA &amp; Firebase Firestore Keep-Alive (GET /health) [Virtual User Request #11]" classname="LOAD_PERFORMANCE" time="0.01"/>
  <testcase name="k6 Load Concurrency - Health SLA &amp; Firebase Firestore Keep-Alive (GET /health) [Virtual User Request #12]" classname="LOAD_PERFORMANCE" time="0.01"/>
  <testcase name="k6 Load Concurrency - Health SLA &amp; Firebase Firestore Keep-Alive (GET /health) [Virtual User Request #13]" classname="LOAD_PERFORMANCE" time="0.01"/>
  <testcase name="k6 Load Concurrency - Health SLA &amp; Firebase Firestore Keep-Alive (GET /health) [Virtual User Request #14]" classname="LOAD_PERFORMANCE" time="0.01"/>
  <testcase name="k6 Load Concurrency - Health SLA &amp; Firebase Firestore Keep-Alive (GET /health) [Virtual User Request #15]" classname="LOAD_PERFORMANCE" time="0.01"/>
  <testcase name="k6 Load Concurrency - Health SLA &amp; Firebase Firestore Keep-Alive (GET /health) [Virtual User Request #16]" classname="LOAD_PERFORMANCE" time="0.01"/>
  <testcase name="k6 Load Concurrency - Health SLA &amp; Firebase Firestore Keep-Alive (GET /health) [Virtual User Request #17]" classname="LOAD_PERFORMANCE" time="0.01"/>
  <testcase name="k6 Load Concurrency - Health SLA &amp; Firebase Firestore Keep-Alive (GET /health) [Virtual User Request #18]" classname="LOAD_PERFORMANCE" time="0.01"/>
  <testcase name="k6 Load Concurrency - Health SLA &amp; Firebase Firestore Keep-Alive (GET /health) [Virtual User Request #19]" classname="LOAD_PERFORMANCE" time="0.01"/>
  <testcase name="k6 Load Concurrency - Health SLA &amp; Firebase Firestore Keep-Alive (GET /health) [Virtual User Request #20]" classname="LOAD_PERFORMANCE" time="0.01"/>
  <testcase name="k6 Load Concurrency - Health SLA &amp; Firebase Firestore Keep-Alive (GET /health) [Virtual User Request #21]" classname="LOAD_PERFORMANCE" time="0.01"/>
  <testcase name="k6 Load Concurrency - Health SLA &amp; Firebase Firestore Keep-Alive (GET /health) [Virtual User Request #22]" classname="LOAD_PERFORMANCE" time="0.01"/>
  <testcase name="k6 Load Concurrency - Health SLA &amp; Firebase Firestore Keep-Alive (GET /health) [Virtual User Request #23]" classname="LOAD_PERFORMANCE" time="0.01"/>
  <testcase name="k6 Load Concurrency - Health SLA &amp; Firebase Firestore Keep-Alive (GET /health) [Virtual User Request #24]" classname="LOAD_PERFORMANCE" time="0.01"/>
  <testcase name="k6 Load Concurrency - Health SLA &amp; Firebase Firestore Keep-Alive (GET /health) [Virtual User Request #25]" classname="LOAD_PERFORMANCE" time="0.01"/>
  <testcase name="k6 Load Concurrency - Health SLA &amp; Firebase Firestore Keep-Alive (GET /health) [Virtual User Request #26]" classname="LOAD_PERFORMANCE" time="0.01"/>
  <testcase name="k6 Load Concurrency - Health SLA &amp; Firebase Firestore Keep-Alive (GET /health) [Virtual User Request #27]" classname="LOAD_PERFORMANCE" time="0.01"/>
  <testcase name="k6 Load Concurrency - Health SLA &amp; Firebase Firestore Keep-Alive (GET /health) [Virtual User Request #28]" classname="LOAD_PERFORMANCE" time="0.01"/>
  <testcase name="k6 Load Concurrency - Health SLA &amp; Firebase Firestore Keep-Alive (GET /health) [Virtual User Request #29]" classname="LOAD_PERFORMANCE" time="0.01"/>
  <testcase name="k6 Load Concurrency - Health SLA &amp; Firebase Firestore Keep-Alive (GET /health) [Virtual User Request #30]" classname="LOAD_PERFORMANCE" time="0.01"/>
</testsuite>