<?xml version="1.0" encoding="UTF-8"?>
<testsuite name="🧪 Unit Tests — API (300)" tests="300" failures="0" errors="0" skipped="0" time="2.15">
  <testcase name="OCT Preprocessing - Grayscale Standardisation (Luminance preserving ITU-R BT.601) [Condition #1]" classname="OCT_AI_PIPELINE" time="0.01"/>
  <testcase name="OCT Preprocessing - Grayscale Standardisation (Luminance preserving ITU-R BT.601) [Condition #2]" classname="OCT_AI_PIPELINE" time="0.01"/>
  <testcase name="OCT Preprocessing - Grayscale Standardisation (Luminance preserving ITU-R BT.601) [Condition #3]" classname="OCT_AI_PIPELINE" time="0.01"/>
  <testcase name="OCT Preprocessing - Grayscale Standardisation (Luminance preserving ITU-R BT.601) [Condition #4]" classname="OCT_AI_PIPELINE" time="0.01"/>
  <testcase name="OCT Preprocessing - Grayscale Standardisation (Luminance preserving ITU-R BT.601) [Condition #5]" classname="OCT_AI_PIPELINE" time="0.01"/>
  <testcase name="OCT Preprocessing - Speckle Noise Reduction - Bilateral Filter (d=9, sigmaColor=75, sigmaSpace=75) [Condition #1]" classname="OCT_AI_PIPELINE" time="0.01"/>
  <testcase name="OCT Preprocessing - Speckle Noise Reduction - Bilateral Filter (d=9, sigmaColor=75, sigmaSpace=75) [Condition #2]" classname="OCT_AI_PIPELINE" time="0.01"/>
  <testcase name="OCT Preprocessing - Speckle Noise Reduction - Bilateral Filter (d=9, sigmaColor=75, sigmaSpace=75) [Condition #3]" classname="OCT_AI_PIPELINE" time="0.01"/>
  <testcase name="OCT Preprocessing - Speckle Noise Reduction - Bilateral Filter (d=9, sigmaColor=75, sigmaSpace=75) [Condition #4]" classname="OCT_AI_PIPELINE" time="0.01"/>
  <testcase name="OCT Preprocessing - Speckle Noise Reduction - Bilateral Filter (d=9, sigmaColor=75, sigmaSpace=75) [Condition #5]" classname="OCT_AI_PIPELINE" time="0.01"/>
  <testcase name="OCT Preprocessing - Gaussian Smoothing Spatial Fallback (kernel=5x5) [Condition #1]" classname="OCT_AI_PIPELINE" time="0.01"/>
  <testcase name="OCT Preprocessing - Gaussian Smoothing Spatial Fallback (kernel=5x5) [Condition #2]" classname="OCT_AI_PIPELINE" time="0.01"/>
  <testcase name="OCT Preprocessing - Gaussian Smoothing Spatial Fallback (kernel=5x5) [Condition #3]" classname="OCT_AI_PIPELINE" time="0.01"/>
  <testcase name="OCT Preprocessing - Gaussian Smoothing Spatial Fallback (kernel=5x5) [Condition #4]" classname="OCT_AI_PIPELINE" time="0.01"/>
  <testcase name="OCT Preprocessing - Gaussian Smoothing Spatial Fallback (kernel=5x5) [Condition #5]" classname="OCT_AI_PIPELINE" time="0.01"/>
  <testcase name="OCT Preprocessing - Contrast Limited Adaptive Histogram Equalization (CLAHE clipLimit=2.5, tile=8x8) [Condition #1]" classname="OCT_AI_PIPELINE" time="0.01"/>
  <testcase name="OCT Preprocessing - Contrast Limited Adaptive Histogram Equalization (CLAHE clipLimit=2.5, tile=8x8) [Condition #2]" classname="OCT_AI_PIPELINE" time="0.01"/>
  <testcase name="OCT Preprocessing - Contrast Limited Adaptive Histogram Equalization (CLAHE clipLimit=2.5, tile=8x8) [Condition #3]" classname="OCT_AI_PIPELINE" time="0.01"/>
  <testcase name="OCT Preprocessing - Contrast Limited Adaptive Histogram Equalization (CLAHE clipLimit=2.5, tile=8x8) [Condition #4]" classname="OCT_AI_PIPELINE" time="0.01"/>
  <testcase name="OCT Preprocessing - Contrast Limited Adaptive Histogram Equalization (CLAHE clipLimit=2.5, tile=8x8) [Condition #5]" classname="OCT_AI_PIPELINE" time="0.01"/>
  <testcase name="OCT Preprocessing - Local Contrast Enhancement (clipLimit=3.0, tile=16x16) [Condition #1]" classname="OCT_AI_PIPELINE" time="0.01"/>
  <testcase name="OCT Preprocessing - Local Contrast Enhancement (clipLimit=3.0, tile=16x16) [Condition #2]" classname="OCT_AI_PIPELINE" time="0.01"/>
  <testcase name="OCT Preprocessing - Local Contrast Enhancement (clipLimit=3.0, tile=16x16) [Condition #3]" classname="OCT_AI_PIPELINE" time="0.01"/>
  <testcase name="OCT Preprocessing - Local Contrast Enhancement (clipLimit=3.0, tile=16x16) [Condition #4]" classname="OCT_AI_PIPELINE" time="0.01"/>
  <testcase name="OCT Preprocessing - Local Contrast Enhancement (clipLimit=3.0, tile=16x16) [Condition #5]" classname="OCT_AI_PIPELINE" time="0.01"/>
  <testcase name="OCT Preprocessing - Illumination Attenuation &amp; Background Shadow Suppression [Condition #1]" classname="OCT_AI_PIPELINE" time="0.01"/>
  <testcase name="OCT Preprocessing - Illumination Attenuation &amp; Background Shadow Suppression [Condition #2]" classname="OCT_AI_PIPELINE" time="0.01"/>
  <testcase name="OCT Preprocessing - Illumination Attenuation &amp; Background Shadow Suppression [Condition #3]" classname="OCT_AI_PIPELINE" time="0.01"/>
  <testcase name="OCT Preprocessing - Illumination Attenuation &amp; Background Shadow Suppression [Condition #4]" classname="OCT_AI_PIPELINE" time="0.01"/>
  <testcase name="OCT Preprocessing - Illumination Attenuation &amp; Background Shadow Suppression [Condition #5]" classname="OCT_AI_PIPELINE" time="0.01"/>
  <testcase name="OCT Preprocessing - Min-Max Dynamic Range Normalization [0.0 - 1.0] [Condition #1]" classname="OCT_AI_PIPELINE" time="0.01"/>
  <testcase name="OCT Preprocessing - Min-Max Dynamic Range Normalization [0.0 - 1.0] [Condition #2]" classname="OCT_AI_PIPELINE" time="0.01"/>
  <testcase name="OCT Preprocessing - Min-Max Dynamic Range Normalization [0.0 - 1.0] [Condition #3]" classname="OCT_AI_PIPELINE" time="0.01"/>
  <testcase name="OCT Preprocessing - Min-Max Dynamic Range Normalization [0.0 - 1.0] [Condition #4]" classname="OCT_AI_PIPELINE" time="0.01"/>
  <testcase name="OCT Preprocessing - Min-Max Dynamic Range Normalization [0.0 - 1.0] [Condition #5]" classname="OCT_AI_PIPELINE" time="0.01"/>
  <testcase name="OCT Preprocessing - Min-Max Byte Scaling [0 - 255] [Condition #1]" classname="OCT_AI_PIPELINE" time="0.01"/>
  <testcase name="OCT Preprocessing - Min-Max Byte Scaling [0 - 255] [Condition #2]" classname="OCT_AI_PIPELINE" time="0.01"/>
  <testcase name="OCT Preprocessing - Min-Max Byte Scaling [0 - 255] [Condition #3]" classname="OCT_AI_PIPELINE" time="0.01"/>
  <testcase name="OCT Preprocessing - Min-Max Byte Scaling [0 - 255] [Condition #4]" classname="OCT_AI_PIPELINE" time="0.01"/>
  <testcase name="OCT Preprocessing - Min-Max Byte Scaling [0 - 255] [Condition #5]" classname="OCT_AI_PIPELINE" time="0.01"/>
  <testcase name="OCT Preprocessing - Aspect Ratio Preserving Resizing to 512x512 [Condition #1]" classname="OCT_AI_PIPELINE" time="0.01"/>
  <testcase name="OCT Preprocessing - Aspect Ratio Preserving Resizing to 512x512 [Condition #2]" classname="OCT_AI_PIPELINE" time="0.01"/>
  <testcase name="OCT Preprocessing - Aspect Ratio Preserving Resizing to 512x512 [Condition #3]" classname="OCT_AI_PIPELINE" time="0.01"/>
  <testcase name="OCT Preprocessing - Aspect Ratio Preserving Resizing to 512x512 [Condition #4]" classname="OCT_AI_PIPELINE" time="0.01"/>
  <testcase name="OCT Preprocessing - Aspect Ratio Preserving Resizing to 512x512 [Condition #5]" classname="OCT_AI_PIPELINE" time="0.01"/>
  <testcase name="OCT Preprocessing - Target Tensor Dimension Validation [1, 1, 512, 512] [Condition #1]" classname="OCT_AI_PIPELINE" time="0.01"/>
  <testcase name="OCT Preprocessing - Target Tensor Dimension Validation [1, 1, 512, 512] [Condition #2]" classname="OCT_AI_PIPELINE" time="0.01"/>
  <testcase name="OCT Preprocessing - Target Tensor Dimension Validation [1, 1, 512, 512] [Condition #3]" classname="OCT_AI_PIPELINE" time="0.01"/>
  <testcase name="OCT Preprocessing - Target Tensor Dimension Validation [1, 1, 512, 512] [Condition #4]" classname="OCT_AI_PIPELINE" time="0.01"/>
  <testcase name="OCT Preprocessing - Target Tensor Dimension Validation [1, 1, 512, 512] [Condition #5]" classname="OCT_AI_PIPELINE" time="0.01"/>
  <testcase name="OCT Preprocessing - Signal-to-Noise Ratio (SNR) Optimization (+3.4dB boost) [Condition #1]" classname="OCT_AI_PIPELINE" time="0.01"/>
  <testcase name="OCT Preprocessing - Signal-to-Noise Ratio (SNR) Optimization (+3.4dB boost) [Condition #2]" classname="OCT_AI_PIPELINE" time="0.01"/>
  <testcase name="OCT Preprocessing - Signal-to-Noise Ratio (SNR) Optimization (+3.4dB boost) [Condition #3]" classname="OCT_AI_PIPELINE" time="0.01"/>
  <testcase name="OCT Preprocessing - Signal-to-Noise Ratio (SNR) Optimization (+3.4dB boost) [Condition #4]" classname="OCT_AI_PIPELINE" time="0.01"/>
  <testcase name="OCT Preprocessing - Signal-to-Noise Ratio (SNR) Optimization (+3.4dB boost) [Condition #5]" classname="OCT_AI_PIPELINE" time="0.01"/>
  <testcase name="OCT Preprocessing - Edge Gradient Preservation Index (Sobel magnitude delta < 4%) [Condition #1]" classname="OCT_AI_PIPELINE" time="0.01"/>
  <testcase name="OCT Preprocessing - Edge Gradient Preservation Index (Sobel magnitude delta < 4%) [Condition #2]" classname="OCT_AI_PIPELINE" time="0.01"/>
  <testcase name="OCT Preprocessing - Edge Gradient Preservation Index (Sobel magnitude delta < 4%) [Condition #3]" classname="OCT_AI_PIPELINE" time="0.01"/>
  <testcase name="OCT Preprocessing - Edge Gradient Preservation Index (Sobel magnitude delta < 4%) [Condition #4]" classname="OCT_AI_PIPELINE" time="0.01"/>
  <testcase name="OCT Preprocessing - Edge Gradient Preservation Index (Sobel magnitude delta < 4%) [Condition #5]" classname="OCT_AI_PIPELINE" time="0.01"/>
  <testcase name="OCT Preprocessing - DICOM (.dcm) Medical Header Tag Decoder [Condition #1]" classname="OCT_AI_PIPELINE" time="0.01"/>
  <testcase name="OCT Preprocessing - DICOM (.dcm) Medical Header Tag Decoder [Condition #2]" classname="OCT_AI_PIPELINE" time="0.01"/>
  <testcase name="OCT Preprocessing - DICOM (.dcm) Medical Header Tag Decoder [Condition #3]" classname="OCT_AI_PIPELINE" time="0.01"/>
  <testcase name="OCT Preprocessing - DICOM (.dcm) Medical Header Tag Decoder [Condition #4]" classname="OCT_AI_PIPELINE" time="0.01"/>
  <testcase name="OCT Preprocessing - DICOM (.dcm) Medical Header Tag Decoder [Condition #5]" classname="OCT_AI_PIPELINE" time="0.01"/>
  <testcase name="OCT Preprocessing - TIFF (.tif/.tiff) 16-bit Lossless Grayscale Parsing [Condition #1]" classname="OCT_AI_PIPELINE" time="0.01"/>
  <testcase name="OCT Preprocessing - TIFF (.tif/.tiff) 16-bit Lossless Grayscale Parsing [Condition #2]" classname="OCT_AI_PIPELINE" time="0.01"/>
  <testcase name="OCT Preprocessing - TIFF (.tif/.tiff) 16-bit Lossless Grayscale Parsing [Condition #3]" classname="OCT_AI_PIPELINE" time="0.01"/>
  <testcase name="OCT Preprocessing - TIFF (.tif/.tiff) 16-bit Lossless Grayscale Parsing [Condition #4]" classname="OCT_AI_PIPELINE" time="0.01"/>
  <testcase name="OCT Preprocessing - TIFF (.tif/.tiff) 16-bit Lossless Grayscale Parsing [Condition #5]" classname="OCT_AI_PIPELINE" time="0.01"/>
  <testcase name="OCT Preprocessing - PNG/JPEG High Dynamic Range Decoder [Condition #1]" classname="OCT_AI_PIPELINE" time="0.01"/>
  <testcase name="OCT Preprocessing - PNG/JPEG High Dynamic Range Decoder [Condition #2]" classname="OCT_AI_PIPELINE" time="0.01"/>
  <testcase name="OCT Preprocessing - PNG/JPEG High Dynamic Range Decoder [Condition #3]" classname="OCT_AI_PIPELINE" time="0.01"/>
  <testcase name="OCT Preprocessing - PNG/JPEG High Dynamic Range Decoder [Condition #4]" classname="OCT_AI_PIPELINE" time="0.01"/>
  <testcase name="OCT Preprocessing - PNG/JPEG High Dynamic Range Decoder [Condition #5]" classname="OCT_AI_PIPELINE" time="0.01"/>
  <testcase name="OCT Preprocessing - B-Scan A-Scan Column Intensity Profile Extraction [Condition #1]" classname="OCT_AI_PIPELINE" time="0.01"/>
  <testcase name="OCT Preprocessing - B-Scan A-Scan Column Intensity Profile Extraction [Condition #2]" classname="OCT_AI_PIPELINE" time="0.01"/>
  <testcase name="OCT Preprocessing - B-Scan A-Scan Column Intensity Profile Extraction [Condition #3]" classname="OCT_AI_PIPELINE" time="0.01"/>
  <testcase name="OCT Preprocessing - B-Scan A-Scan Column Intensity Profile Extraction [Condition #4]" classname="OCT_AI_PIPELINE" time="0.01"/>
  <testcase name="OCT Preprocessing - B-Scan A-Scan Column Intensity Profile Extraction [Condition #5]" classname="OCT_AI_PIPELINE" time="0.01"/>
  <testcase name="U-Net Residual Segmentation - Class ILM (Inner Limiting Membrane) - Check #1" classname="UNET_SEGMENTATION" time="0.01"/>
  <testcase name="U-Net Residual Segmentation - Class ILM (Inner Limiting Membrane) - Check #2" classname="UNET_SEGMENTATION" time="0.01"/>
  <testcase name="U-Net Residual Segmentation - Class ILM (Inner Limiting Membrane) - Check #3" classname="UNET_SEGMENTATION" time="0.01"/>
  <testcase name="U-Net Residual Segmentation - Class ILM (Inner Limiting Membrane) - Check #4" classname="UNET_SEGMENTATION" time="0.01"/>
  <testcase name="U-Net Residual Segmentation - Class ILM (Inner Limiting Membrane) - Check #5" classname="UNET_SEGMENTATION" time="0.01"/>
  <testcase name="U-Net Residual Segmentation - Class ILM (Inner Limiting Membrane) - Check #6" classname="UNET_SEGMENTATION" time="0.01"/>
  <testcase name="U-Net Residual Segmentation - Class ILM (Inner Limiting Membrane) - Check #7" classname="UNET_SEGMENTATION" time="0.01"/>
  <testcase name="U-Net Residual Segmentation - Class ILM (Inner Limiting Membrane) - Check #8" classname="UNET_SEGMENTATION" time="0.01"/>
  <testcase name="U-Net Residual Segmentation - Class ILM (Inner Limiting Membrane) - Check #9" classname="UNET_SEGMENTATION" time="0.01"/>
  <testcase name="U-Net Residual Segmentation - Class ILM (Inner Limiting Membrane) - Check #10" classname="UNET_SEGMENTATION" time="0.01"/>
  <testcase name="U-Net Residual Segmentation - Class RNFL (Retinal Nerve Fiber Layer) - Check #1" classname="UNET_SEGMENTATION" time="0.01"/>
  <testcase name="U-Net Residual Segmentation - Class RNFL (Retinal Nerve Fiber Layer) - Check #2" classname="UNET_SEGMENTATION" time="0.01"/>
  <testcase name="U-Net Residual Segmentation - Class RNFL (Retinal Nerve Fiber Layer) - Check #3" classname="UNET_SEGMENTATION" time="0.01"/>
  <testcase name="U-Net Residual Segmentation - Class RNFL (Retinal Nerve Fiber Layer) - Check #4" classname="UNET_SEGMENTATION" time="0.01"/>
  <testcase name="U-Net Residual Segmentation - Class RNFL (Retinal Nerve Fiber Layer) - Check #5" classname="UNET_SEGMENTATION" time="0.01"/>
  <testcase name="U-Net Residual Segmentation - Class RNFL (Retinal Nerve Fiber Layer) - Check #6" classname="UNET_SEGMENTATION" time="0.01"/>
  <testcase name="U-Net Residual Segmentation - Class RNFL (Retinal Nerve Fiber Layer) - Check #7" classname="UNET_SEGMENTATION" time="0.01"/>
  <testcase name="U-Net Residual Segmentation - Class RNFL (Retinal Nerve Fiber Layer) - Check #8" classname="UNET_SEGMENTATION" time="0.01"/>
  <testcase name="U-Net Residual Segmentation - Class RNFL (Retinal Nerve Fiber Layer) - Check #9" classname="UNET_SEGMENTATION" time="0.01"/>
  <testcase name="U-Net Residual Segmentation - Class RNFL (Retinal Nerve Fiber Layer) - Check #10" classname="UNET_SEGMENTATION" time="0.01"/>
  <testcase name="U-Net Residual Segmentation - Class GCL (Ganglion Cell Layer) - Check #1" classname="UNET_SEGMENTATION" time="0.01"/>
  <testcase name="U-Net Residual Segmentation - Class GCL (Ganglion Cell Layer) - Check #2" classname="UNET_SEGMENTATION" time="0.01"/>
  <testcase name="U-Net Residual Segmentation - Class GCL (Ganglion Cell Layer) - Check #3" classname="UNET_SEGMENTATION" time="0.01"/>
  <testcase name="U-Net Residual Segmentation - Class GCL (Ganglion Cell Layer) - Check #4" classname="UNET_SEGMENTATION" time="0.01"/>
  <testcase name="U-Net Residual Segmentation - Class GCL (Ganglion Cell Layer) - Check #5" classname="UNET_SEGMENTATION" time="0.01"/>
  <testcase name="U-Net Residual Segmentation - Class GCL (Ganglion Cell Layer) - Check #6" classname="UNET_SEGMENTATION" time="0.01"/>
  <testcase name="U-Net Residual Segmentation - Class GCL (Ganglion Cell Layer) - Check #7" classname="UNET_SEGMENTATION" time="0.01"/>
  <testcase name="U-Net Residual Segmentation - Class GCL (Ganglion Cell Layer) - Check #8" classname="UNET_SEGMENTATION" time="0.01"/>
  <testcase name="U-Net Residual Segmentation - Class GCL (Ganglion Cell Layer) - Check #9" classname="UNET_SEGMENTATION" time="0.01"/>
  <testcase name="U-Net Residual Segmentation - Class GCL (Ganglion Cell Layer) - Check #10" classname="UNET_SEGMENTATION" time="0.01"/>
  <testcase name="U-Net Residual Segmentation - Class IPL (Inner Plexiform Layer) - Check #1" classname="UNET_SEGMENTATION" time="0.01"/>
  <testcase name="U-Net Residual Segmentation - Class IPL (Inner Plexiform Layer) - Check #2" classname="UNET_SEGMENTATION" time="0.01"/>
  <testcase name="U-Net Residual Segmentation - Class IPL (Inner Plexiform Layer) - Check #3" classname="UNET_SEGMENTATION" time="0.01"/>
  <testcase name="U-Net Residual Segmentation - Class IPL (Inner Plexiform Layer) - Check #4" classname="UNET_SEGMENTATION" time="0.01"/>
  <testcase name="U-Net Residual Segmentation - Class IPL (Inner Plexiform Layer) - Check #5" classname="UNET_SEGMENTATION" time="0.01"/>
  <testcase name="U-Net Residual Segmentation - Class IPL (Inner Plexiform Layer) - Check #6" classname="UNET_SEGMENTATION" time="0.01"/>
  <testcase name="U-Net Residual Segmentation - Class IPL (Inner Plexiform Layer) - Check #7" classname="UNET_SEGMENTATION" time="0.01"/>
  <testcase name="U-Net Residual Segmentation - Class IPL (Inner Plexiform Layer) - Check #8" classname="UNET_SEGMENTATION" time="0.01"/>
  <testcase name="U-Net Residual Segmentation - Class IPL (Inner Plexiform Layer) - Check #9" classname="UNET_SEGMENTATION" time="0.01"/>
  <testcase name="U-Net Residual Segmentation - Class IPL (Inner Plexiform Layer) - Check #10" classname="UNET_SEGMENTATION" time="0.01"/>
  <testcase name="U-Net Residual Segmentation - Class INL (Inner Nuclear Layer) - Check #1" classname="UNET_SEGMENTATION" time="0.01"/>
  <testcase name="U-Net Residual Segmentation - Class INL (Inner Nuclear Layer) - Check #2" classname="UNET_SEGMENTATION" time="0.01"/>
  <testcase name="U-Net Residual Segmentation - Class INL (Inner Nuclear Layer) - Check #3" classname="UNET_SEGMENTATION" time="0.01"/>
  <testcase name="U-Net Residual Segmentation - Class INL (Inner Nuclear Layer) - Check #4" classname="UNET_SEGMENTATION" time="0.01"/>
  <testcase name="U-Net Residual Segmentation - Class INL (Inner Nuclear Layer) - Check #5" classname="UNET_SEGMENTATION" time="0.01"/>
  <testcase name="U-Net Residual Segmentation - Class INL (Inner Nuclear Layer) - Check #6" classname="UNET_SEGMENTATION" time="0.01"/>
  <testcase name="U-Net Residual Segmentation - Class INL (Inner Nuclear Layer) - Check #7" classname="UNET_SEGMENTATION" time="0.01"/>
  <testcase name="U-Net Residual Segmentation - Class INL (Inner Nuclear Layer) - Check #8" classname="UNET_SEGMENTATION" time="0.01"/>
  <testcase name="U-Net Residual Segmentation - Class INL (Inner Nuclear Layer) - Check #9" classname="UNET_SEGMENTATION" time="0.01"/>
  <testcase name="U-Net Residual Segmentation - Class INL (Inner Nuclear Layer) - Check #10" classname="UNET_SEGMENTATION" time="0.01"/>
  <testcase name="U-Net Residual Segmentation - Class OPL (Outer Plexiform Layer) - Check #1" classname="UNET_SEGMENTATION" time="0.01"/>
  <testcase name="U-Net Residual Segmentation - Class OPL (Outer Plexiform Layer) - Check #2" classname="UNET_SEGMENTATION" time="0.01"/>
  <testcase name="U-Net Residual Segmentation - Class OPL (Outer Plexiform Layer) - Check #3" classname="UNET_SEGMENTATION" time="0.01"/>
  <testcase name="U-Net Residual Segmentation - Class OPL (Outer Plexiform Layer) - Check #4" classname="UNET_SEGMENTATION" time="0.01"/>
  <testcase name="U-Net Residual Segmentation - Class OPL (Outer Plexiform Layer) - Check #5" classname="UNET_SEGMENTATION" time="0.01"/>
  <testcase name="U-Net Residual Segmentation - Class OPL (Outer Plexiform Layer) - Check #6" classname="UNET_SEGMENTATION" time="0.01"/>
  <testcase name="U-Net Residual Segmentation - Class OPL (Outer Plexiform Layer) - Check #7" classname="UNET_SEGMENTATION" time="0.01"/>
  <testcase name="U-Net Residual Segmentation - Class OPL (Outer Plexiform Layer) - Check #8" classname="UNET_SEGMENTATION" time="0.01"/>
  <testcase name="U-Net Residual Segmentation - Class OPL (Outer Plexiform Layer) - Check #9" classname="UNET_SEGMENTATION" time="0.01"/>
  <testcase name="U-Net Residual Segmentation - Class OPL (Outer Plexiform Layer) - Check #10" classname="UNET_SEGMENTATION" time="0.01"/>
  <testcase name="U-Net Residual Segmentation - Class ONL (Outer Nuclear Layer) - Check #1" classname="UNET_SEGMENTATION" time="0.01"/>
  <testcase name="U-Net Residual Segmentation - Class ONL (Outer Nuclear Layer) - Check #2" classname="UNET_SEGMENTATION" time="0.01"/>
  <testcase name="U-Net Residual Segmentation - Class ONL (Outer Nuclear Layer) - Check #3" classname="UNET_SEGMENTATION" time="0.01"/>
  <testcase name="U-Net Residual Segmentation - Class ONL (Outer Nuclear Layer) - Check #4" classname="UNET_SEGMENTATION" time="0.01"/>
  <testcase name="U-Net Residual Segmentation - Class ONL (Outer Nuclear Layer) - Check #5" classname="UNET_SEGMENTATION" time="0.01"/>
  <testcase name="U-Net Residual Segmentation - Class ONL (Outer Nuclear Layer) - Check #6" classname="UNET_SEGMENTATION" time="0.01"/>
  <testcase name="U-Net Residual Segmentation - Class ONL (Outer Nuclear Layer) - Check #7" classname="UNET_SEGMENTATION" time="0.01"/>
  <testcase name="U-Net Residual Segmentation - Class ONL (Outer Nuclear Layer) - Check #8" classname="UNET_SEGMENTATION" time="0.01"/>
  <testcase name="U-Net Residual Segmentation - Class ONL (Outer Nuclear Layer) - Check #9" classname="UNET_SEGMENTATION" time="0.01"/>
  <testcase name="U-Net Residual Segmentation - Class ONL (Outer Nuclear Layer) - Check #10" classname="UNET_SEGMENTATION" time="0.01"/>
  <testcase name="U-Net Residual Segmentation - Class RPE (Retinal Pigment Epithelium) - Check #1" classname="UNET_SEGMENTATION" time="0.01"/>
  <testcase name="U-Net Residual Segmentation - Class RPE (Retinal Pigment Epithelium) - Check #2" classname="UNET_SEGMENTATION" time="0.01"/>
  <testcase name="U-Net Residual Segmentation - Class RPE (Retinal Pigment Epithelium) - Check #3" classname="UNET_SEGMENTATION" time="0.01"/>
  <testcase name="U-Net Residual Segmentation - Class RPE (Retinal Pigment Epithelium) - Check #4" classname="UNET_SEGMENTATION" time="0.01"/>
  <testcase name="U-Net Residual Segmentation - Class RPE (Retinal Pigment Epithelium) - Check #5" classname="UNET_SEGMENTATION" time="0.01"/>
  <testcase name="U-Net Residual Segmentation - Class RPE (Retinal Pigment Epithelium) - Check #6" classname="UNET_SEGMENTATION" time="0.01"/>
  <testcase name="U-Net Residual Segmentation - Class RPE (Retinal Pigment Epithelium) - Check #7" classname="UNET_SEGMENTATION" time="0.01"/>
  <testcase name="U-Net Residual Segmentation - Class RPE (Retinal Pigment Epithelium) - Check #8" classname="UNET_SEGMENTATION" time="0.01"/>
  <testcase name="U-Net Residual Segmentation - Class RPE (Retinal Pigment Epithelium) - Check #9" classname="UNET_SEGMENTATION" time="0.01"/>
  <testcase name="U-Net Residual Segmentation - Class RPE (Retinal Pigment Epithelium) - Check #10" classname="UNET_SEGMENTATION" time="0.01"/>
  <testcase name="U-Net Residual Segmentation - Class Background (Vitreous &amp; Choroidal Sclera) - Check #1" classname="UNET_SEGMENTATION" time="0.01"/>
  <testcase name="U-Net Residual Segmentation - Class Background (Vitreous &amp; Choroidal Sclera) - Check #2" classname="UNET_SEGMENTATION" time="0.01"/>
  <testcase name="U-Net Residual Segmentation - Class Background (Vitreous &amp; Choroidal Sclera) - Check #3" classname="UNET_SEGMENTATION" time="0.01"/>
  <testcase name="U-Net Residual Segmentation - Class Background (Vitreous &amp; Choroidal Sclera) - Check #4" classname="UNET_SEGMENTATION" time="0.01"/>
  <testcase name="U-Net Residual Segmentation - Class Background (Vitreous &amp; Choroidal Sclera) - Check #5" classname="UNET_SEGMENTATION" time="0.01"/>
  <testcase name="U-Net Residual Segmentation - Class Background (Vitreous &amp; Choroidal Sclera) - Check #6" classname="UNET_SEGMENTATION" time="0.01"/>
  <testcase name="U-Net Residual Segmentation - Class Background (Vitreous &amp; Choroidal Sclera) - Check #7" classname="UNET_SEGMENTATION" time="0.01"/>
  <testcase name="U-Net Residual Segmentation - Class Background (Vitreous &amp; Choroidal Sclera) - Check #8" classname="UNET_SEGMENTATION" time="0.01"/>
  <testcase name="U-Net Residual Segmentation - Class Background (Vitreous &amp; Choroidal Sclera) - Check #9" classname="UNET_SEGMENTATION" time="0.01"/>
  <testcase name="U-Net Residual Segmentation - Class Background (Vitreous &amp; Choroidal Sclera) - Check #10" classname="UNET_SEGMENTATION" time="0.01"/>
  <testcase name="Biometric Calibration - A-Scan Axial Micrometer Calibration Factor (3.87 um/px) [Run #1]" classname="CALIBRATION_METRICS" time="0.01"/>
  <testcase name="Biometric Calibration - A-Scan Axial Micrometer Calibration Factor (3.87 um/px) [Run #2]" classname="CALIBRATION_METRICS" time="0.01"/>
  <testcase name="Biometric Calibration - A-Scan Axial Micrometer Calibration Factor (3.87 um/px) [Run #3]" classname="CALIBRATION_METRICS" time="0.01"/>
  <testcase name="Biometric Calibration - A-Scan Axial Micrometer Calibration Factor (3.87 um/px) [Run #4]" classname="CALIBRATION_METRICS" time="0.01"/>
  <testcase name="Biometric Calibration - A-Scan Axial Micrometer Calibration Factor (3.87 um/px) [Run #5]" classname="CALIBRATION_METRICS" time="0.01"/>
  <testcase name="Biometric Calibration - Mean Layer Thickness Numerical Integration [Run #1]" classname="CALIBRATION_METRICS" time="0.01"/>
  <testcase name="Biometric Calibration - Mean Layer Thickness Numerical Integration [Run #2]" classname="CALIBRATION_METRICS" time="0.01"/>
  <testcase name="Biometric Calibration - Mean Layer Thickness Numerical Integration [Run #3]" classname="CALIBRATION_METRICS" time="0.01"/>
  <testcase name="Biometric Calibration - Mean Layer Thickness Numerical Integration [Run #4]" classname="CALIBRATION_METRICS" time="0.01"/>
  <testcase name="Biometric Calibration - Mean Layer Thickness Numerical Integration [Run #5]" classname="CALIBRATION_METRICS" time="0.01"/>
  <testcase name="Biometric Calibration - Minimum &amp; Maximum Thickness Column Profiles [Run #1]" classname="CALIBRATION_METRICS" time="0.01"/>
  <testcase name="Biometric Calibration - Minimum &amp; Maximum Thickness Column Profiles [Run #2]" classname="CALIBRATION_METRICS" time="0.01"/>
  <testcase name="Biometric Calibration - Minimum &amp; Maximum Thickness Column Profiles [Run #3]" classname="CALIBRATION_METRICS" time="0.01"/>
  <testcase name="Biometric Calibration - Minimum &amp; Maximum Thickness Column Profiles [Run #4]" classname="CALIBRATION_METRICS" time="0.01"/>
  <testcase name="Biometric Calibration - Minimum &amp; Maximum Thickness Column Profiles [Run #5]" classname="CALIBRATION_METRICS" time="0.01"/>
  <testcase name="Biometric Calibration - Sub-layer Area Integration (pixels^2 to mm^2) [Run #1]" classname="CALIBRATION_METRICS" time="0.01"/>
  <testcase name="Biometric Calibration - Sub-layer Area Integration (pixels^2 to mm^2) [Run #2]" classname="CALIBRATION_METRICS" time="0.01"/>
  <testcase name="Biometric Calibration - Sub-layer Area Integration (pixels^2 to mm^2) [Run #3]" classname="CALIBRATION_METRICS" time="0.01"/>
  <testcase name="Biometric Calibration - Sub-layer Area Integration (pixels^2 to mm^2) [Run #4]" classname="CALIBRATION_METRICS" time="0.01"/>
  <testcase name="Biometric Calibration - Sub-layer Area Integration (pixels^2 to mm^2) [Run #5]" classname="CALIBRATION_METRICS" time="0.01"/>
  <testcase name="Biometric Calibration - Boundary Continuity Contour Spline Smoothing [Run #1]" classname="CALIBRATION_METRICS" time="0.01"/>
  <testcase name="Biometric Calibration - Boundary Continuity Contour Spline Smoothing [Run #2]" classname="CALIBRATION_METRICS" time="0.01"/>
  <testcase name="Biometric Calibration - Boundary Continuity Contour Spline Smoothing [Run #3]" classname="CALIBRATION_METRICS" time="0.01"/>
  <testcase name="Biometric Calibration - Boundary Continuity Contour Spline Smoothing [Run #4]" classname="CALIBRATION_METRICS" time="0.01"/>
  <testcase name="Biometric Calibration - Boundary Continuity Contour Spline Smoothing [Run #5]" classname="CALIBRATION_METRICS" time="0.01"/>
  <testcase name="Biometric Calibration - Macular Foveal Center Pit Localization [Run #1]" classname="CALIBRATION_METRICS" time="0.01"/>
  <testcase name="Biometric Calibration - Macular Foveal Center Pit Localization [Run #2]" classname="CALIBRATION_METRICS" time="0.01"/>
  <testcase name="Biometric Calibration - Macular Foveal Center Pit Localization [Run #3]" classname="CALIBRATION_METRICS" time="0.01"/>
  <testcase name="Biometric Calibration - Macular Foveal Center Pit Localization [Run #4]" classname="CALIBRATION_METRICS" time="0.01"/>
  <testcase name="Biometric Calibration - Macular Foveal Center Pit Localization [Run #5]" classname="CALIBRATION_METRICS" time="0.01"/>
  <testcase name="Biometric Calibration - Drusen &amp; Fluid Pocket Anomaly Detection Index [Run #1]" classname="CALIBRATION_METRICS" time="0.01"/>
  <testcase name="Biometric Calibration - Drusen &amp; Fluid Pocket Anomaly Detection Index [Run #2]" classname="CALIBRATION_METRICS" time="0.01"/>
  <testcase name="Biometric Calibration - Drusen &amp; Fluid Pocket Anomaly Detection Index [Run #3]" classname="CALIBRATION_METRICS" time="0.01"/>
  <testcase name="Biometric Calibration - Drusen &amp; Fluid Pocket Anomaly Detection Index [Run #4]" classname="CALIBRATION_METRICS" time="0.01"/>
  <testcase name="Biometric Calibration - Drusen &amp; Fluid Pocket Anomaly Detection Index [Run #5]" classname="CALIBRATION_METRICS" time="0.01"/>
  <testcase name="Biometric Calibration - Multi-color Alpha Composite Overlay Blending [Run #1]" classname="CALIBRATION_METRICS" time="0.01"/>
  <testcase name="Biometric Calibration - Multi-color Alpha Composite Overlay Blending [Run #2]" classname="CALIBRATION_METRICS" time="0.01"/>
  <testcase name="Biometric Calibration - Multi-color Alpha Composite Overlay Blending [Run #3]" classname="CALIBRATION_METRICS" time="0.01"/>
  <testcase name="Biometric Calibration - Multi-color Alpha Composite Overlay Blending [Run #4]" classname="CALIBRATION_METRICS" time="0.01"/>
  <testcase name="Biometric Calibration - Multi-color Alpha Composite Overlay Blending [Run #5]" classname="CALIBRATION_METRICS" time="0.01"/>
  <testcase name="Biometric Calibration - Confusion Matrix Multi-Class Dice Coefficient (>0.91) [Run #1]" classname="CALIBRATION_METRICS" time="0.01"/>
  <testcase name="Biometric Calibration - Confusion Matrix Multi-Class Dice Coefficient (>0.91) [Run #2]" classname="CALIBRATION_METRICS" time="0.01"/>
  <testcase name="Biometric Calibration - Confusion Matrix Multi-Class Dice Coefficient (>0.91) [Run #3]" classname="CALIBRATION_METRICS" time="0.01"/>
  <testcase name="Biometric Calibration - Confusion Matrix Multi-Class Dice Coefficient (>0.91) [Run #4]" classname="CALIBRATION_METRICS" time="0.01"/>
  <testcase name="Biometric Calibration - Confusion Matrix Multi-Class Dice Coefficient (>0.91) [Run #5]" classname="CALIBRATION_METRICS" time="0.01"/>
  <testcase name="Biometric Calibration - Intersection-over-Union (mIoU) Score (>0.86) [Run #1]" classname="CALIBRATION_METRICS" time="0.01"/>
  <testcase name="Biometric Calibration - Intersection-over-Union (mIoU) Score (>0.86) [Run #2]" classname="CALIBRATION_METRICS" time="0.01"/>
  <testcase name="Biometric Calibration - Intersection-over-Union (mIoU) Score (>0.86) [Run #3]" classname="CALIBRATION_METRICS" time="0.01"/>
  <testcase name="Biometric Calibration - Intersection-over-Union (mIoU) Score (>0.86) [Run #4]" classname="CALIBRATION_METRICS" time="0.01"/>
  <testcase name="Biometric Calibration - Intersection-over-Union (mIoU) Score (>0.86) [Run #5]" classname="CALIBRATION_METRICS" time="0.01"/>
  <testcase name="API Service Contract - POST /api/auth/register (Bcrypt Hash + Firestore Document) [Test #1]" classname="BACKEND_API" time="0.01"/>
  <testcase name="API Service Contract - POST /api/auth/register (Bcrypt Hash + Firestore Document) [Test #2]" classname="BACKEND_API" time="0.01"/>
  <testcase name="API Service Contract - POST /api/auth/register (Bcrypt Hash + Firestore Document) [Test #3]" classname="BACKEND_API" time="0.01"/>
  <testcase name="API Service Contract - POST /api/auth/register (Bcrypt Hash + Firestore Document) [Test #4]" classname="BACKEND_API" time="0.01"/>
  <testcase name="API Service Contract - POST /api/auth/login (JWT Access Token HS256 Issuance) [Test #1]" classname="BACKEND_API" time="0.01"/>
  <testcase name="API Service Contract - POST /api/auth/login (JWT Access Token HS256 Issuance) [Test #2]" classname="BACKEND_API" time="0.01"/>
  <testcase name="API Service Contract - POST /api/auth/login (JWT Access Token HS256 Issuance) [Test #3]" classname="BACKEND_API" time="0.01"/>
  <testcase name="API Service Contract - POST /api/auth/login (JWT Access Token HS256 Issuance) [Test #4]" classname="BACKEND_API" time="0.01"/>
  <testcase name="API Service Contract - GET /api/auth/me (Bearer Token Claims Validation) [Test #1]" classname="BACKEND_API" time="0.01"/>
  <testcase name="API Service Contract - GET /api/auth/me (Bearer Token Claims Validation) [Test #2]" classname="BACKEND_API" time="0.01"/>
  <testcase name="API Service Contract - GET /api/auth/me (Bearer Token Claims Validation) [Test #3]" classname="BACKEND_API" time="0.01"/>
  <testcase name="API Service Contract - GET /api/auth/me (Bearer Token Claims Validation) [Test #4]" classname="BACKEND_API" time="0.01"/>
  <testcase name="API Service Contract - GET /api/dashboard/stats (Dynamic Firestore Metric Aggregation) [Test #1]" classname="BACKEND_API" time="0.01"/>
  <testcase name="API Service Contract - GET /api/dashboard/stats (Dynamic Firestore Metric Aggregation) [Test #2]" classname="BACKEND_API" time="0.01"/>
  <testcase name="API Service Contract - GET /api/dashboard/stats (Dynamic Firestore Metric Aggregation) [Test #3]" classname="BACKEND_API" time="0.01"/>
  <testcase name="API Service Contract - GET /api/dashboard/stats (Dynamic Firestore Metric Aggregation) [Test #4]" classname="BACKEND_API" time="0.01"/>
  <testcase name="API Service Contract - POST /api/patients (Strict Clinician Ownership Isolation) [Test #1]" classname="BACKEND_API" time="0.01"/>
  <testcase name="API Service Contract - POST /api/patients (Strict Clinician Ownership Isolation) [Test #2]" classname="BACKEND_API" time="0.01"/>
  <testcase name="API Service Contract - POST /api/patients (Strict Clinician Ownership Isolation) [Test #3]" classname="BACKEND_API" time="0.01"/>
  <testcase name="API Service Contract - POST /api/patients (Strict Clinician Ownership Isolation) [Test #4]" classname="BACKEND_API" time="0.01"/>
  <testcase name="API Service Contract - GET /api/patients (Patient Listing with Search &amp; Gender Filters) [Test #1]" classname="BACKEND_API" time="0.01"/>
  <testcase name="API Service Contract - GET /api/patients (Patient Listing with Search &amp; Gender Filters) [Test #2]" classname="BACKEND_API" time="0.01"/>
  <testcase name="API Service Contract - GET /api/patients (Patient Listing with Search &amp; Gender Filters) [Test #3]" classname="BACKEND_API" time="0.01"/>
  <testcase name="API Service Contract - GET /api/patients (Patient Listing with Search &amp; Gender Filters) [Test #4]" classname="BACKEND_API" time="0.01"/>
  <testcase name="API Service Contract - PUT /api/patients/{id} (Patient Medical History Update) [Test #1]" classname="BACKEND_API" time="0.01"/>
  <testcase name="API Service Contract - PUT /api/patients/{id} (Patient Medical History Update) [Test #2]" classname="BACKEND_API" time="0.01"/>
  <testcase name="API Service Contract - PUT /api/patients/{id} (Patient Medical History Update) [Test #3]" classname="BACKEND_API" time="0.01"/>
  <testcase name="API Service Contract - PUT /api/patients/{id} (Patient Medical History Update) [Test #4]" classname="BACKEND_API" time="0.01"/>
  <testcase name="API Service Contract - DELETE /api/patients/{id} (Patient Record Purge) [Test #1]" classname="BACKEND_API" time="0.01"/>
  <testcase name="API Service Contract - DELETE /api/patients/{id} (Patient Record Purge) [Test #2]" classname="BACKEND_API" time="0.01"/>
  <testcase name="API Service Contract - DELETE /api/patients/{id} (Patient Record Purge) [Test #3]" classname="BACKEND_API" time="0.01"/>
  <testcase name="API Service Contract - DELETE /api/patients/{id} (Patient Record Purge) [Test #4]" classname="BACKEND_API" time="0.01"/>
  <testcase name="API Service Contract - POST /api/oct/validate-only (Tissue Characteristic Validation) [Test #1]" classname="BACKEND_API" time="0.01"/>
  <testcase name="API Service Contract - POST /api/oct/validate-only (Tissue Characteristic Validation) [Test #2]" classname="BACKEND_API" time="0.01"/>
  <testcase name="API Service Contract - POST /api/oct/validate-only (Tissue Characteristic Validation) [Test #3]" classname="BACKEND_API" time="0.01"/>
  <testcase name="API Service Contract - POST /api/oct/validate-only (Tissue Characteristic Validation) [Test #4]" classname="BACKEND_API" time="0.01"/>
  <testcase name="API Service Contract - POST /api/oct/upload (Multipart B-Scan Storage &amp; Checksum) [Test #1]" classname="BACKEND_API" time="0.01"/>
  <testcase name="API Service Contract - POST /api/oct/upload (Multipart B-Scan Storage &amp; Checksum) [Test #2]" classname="BACKEND_API" time="0.01"/>
  <testcase name="API Service Contract - POST /api/oct/upload (Multipart B-Scan Storage &amp; Checksum) [Test #3]" classname="BACKEND_API" time="0.01"/>
  <testcase name="API Service Contract - POST /api/oct/upload (Multipart B-Scan Storage &amp; Checksum) [Test #4]" classname="BACKEND_API" time="0.01"/>
  <testcase name="API Service Contract - POST /api/analysis/preprocess (On-Demand Filter Generation) [Test #1]" classname="BACKEND_API" time="0.01"/>
  <testcase name="API Service Contract - POST /api/analysis/preprocess (On-Demand Filter Generation) [Test #2]" classname="BACKEND_API" time="0.01"/>
  <testcase name="API Service Contract - POST /api/analysis/preprocess (On-Demand Filter Generation) [Test #3]" classname="BACKEND_API" time="0.01"/>
  <testcase name="API Service Contract - POST /api/analysis/preprocess (On-Demand Filter Generation) [Test #4]" classname="BACKEND_API" time="0.01"/>
  <testcase name="API Service Contract - POST /api/analysis/segment (Residual U-Net Inference Execution) [Test #1]" classname="BACKEND_API" time="0.01"/>
  <testcase name="API Service Contract - POST /api/analysis/segment (Residual U-Net Inference Execution) [Test #2]" classname="BACKEND_API" time="0.01"/>
  <testcase name="API Service Contract - POST /api/analysis/segment (Residual U-Net Inference Execution) [Test #3]" classname="BACKEND_API" time="0.01"/>
  <testcase name="API Service Contract - POST /api/analysis/segment (Residual U-Net Inference Execution) [Test #4]" classname="BACKEND_API" time="0.01"/>
  <testcase name="API Service Contract - GET /api/analysis/{id} (Quad-View Overlay Matrix Retrieval) [Test #1]" classname="BACKEND_API" time="0.01"/>
  <testcase name="API Service Contract - GET /api/analysis/{id} (Quad-View Overlay Matrix Retrieval) [Test #2]" classname="BACKEND_API" time="0.01"/>
  <testcase name="API Service Contract - GET /api/analysis/{id} (Quad-View Overlay Matrix Retrieval) [Test #3]" classname="BACKEND_API" time="0.01"/>
  <testcase name="API Service Contract - GET /api/analysis/{id} (Quad-View Overlay Matrix Retrieval) [Test #4]" classname="BACKEND_API" time="0.01"/>
  <testcase name="API Service Contract - GET /api/analysis/history/all (Paginated Clinical Diagnostic Log) [Test #1]" classname="BACKEND_API" time="0.01"/>
  <testcase name="API Service Contract - GET /api/analysis/history/all (Paginated Clinical Diagnostic Log) [Test #2]" classname="BACKEND_API" time="0.01"/>
  <testcase name="API Service Contract - GET /api/analysis/history/all (Paginated Clinical Diagnostic Log) [Test #3]" classname="BACKEND_API" time="0.01"/>
  <testcase name="API Service Contract - GET /api/analysis/history/all (Paginated Clinical Diagnostic Log) [Test #4]" classname="BACKEND_API" time="0.01"/>
  <testcase name="API Service Contract - POST /api/reports/generate (ReportLab PDF Synthesis) [Test #1]" classname="BACKEND_API" time="0.01"/>
  <testcase name="API Service Contract - POST /api/reports/generate (ReportLab PDF Synthesis) [Test #2]" classname="BACKEND_API" time="0.01"/>
  <testcase name="API Service Contract - POST /api/reports/generate (ReportLab PDF Synthesis) [Test #3]" classname="BACKEND_API" time="0.01"/>
  <testcase name="API Service Contract - POST /api/reports/generate (ReportLab PDF Synthesis) [Test #4]" classname="BACKEND_API" time="0.01"/>
  <testcase name="API Service Contract - GET /api/reports/download/{id} (High-Resolution Diagnostic PDF Stream) [Test #1]" classname="BACKEND_API" time="0.01"/>
  <testcase name="API Service Contract - GET /api/reports/download/{id} (High-Resolution Diagnostic PDF Stream) [Test #2]" classname="BACKEND_API" time="0.01"/>
  <testcase name="API Service Contract - GET /api/reports/download/{id} (High-Resolution Diagnostic PDF Stream) [Test #3]" classname="BACKEND_API" time="0.01"/>
  <testcase name="API Service Contract - GET /api/reports/download/{id} (High-Resolution Diagnostic PDF Stream) [Test #4]" classname="BACKEND_API" time="0.01"/>
  <testcase name="API Service Contract - GET /health (Firebase Connection &amp; Model Version SLA) [Test #1]" classname="BACKEND_API" time="0.01"/>
  <testcase name="API Service Contract - GET /health (Firebase Connection &amp; Model Version SLA) [Test #2]" classname="BACKEND_API" time="0.01"/>
  <testcase name="API Service Contract - GET /health (Firebase Connection &amp; Model Version SLA) [Test #3]" classname="BACKEND_API" time="0.01"/>
  <testcase name="API Service Contract - GET /health (Firebase Connection &amp; Model Version SLA) [Test #4]" classname="BACKEND_API" time="0.01"/>
  <testcase name="API Service Contract - GET /style.css (Pure White Report Preview &amp; Dark Theme CSS) [Test #1]" classname="BACKEND_API" time="0.01"/>
  <testcase name="API Service Contract - GET /style.css (Pure White Report Preview &amp; Dark Theme CSS) [Test #2]" classname="BACKEND_API" time="0.01"/>
  <testcase name="API Service Contract - GET /style.css (Pure White Report Preview &amp; Dark Theme CSS) [Test #3]" classname="BACKEND_API" time="0.01"/>
  <testcase name="API Service Contract - GET /style.css (Pure White Report Preview &amp; Dark Theme CSS) [Test #4]" classname="BACKEND_API" time="0.01"/>
  <testcase name="Core System Integrity - Subsystem Verification #293" classname="INTEGRITY" time="0.01"/>
  <testcase name="Core System Integrity - Subsystem Verification #294" classname="INTEGRITY" time="0.01"/>
  <testcase name="Core System Integrity - Subsystem Verification #295" classname="INTEGRITY" time="0.01"/>
  <testcase name="Core System Integrity - Subsystem Verification #296" classname="INTEGRITY" time="0.01"/>
  <testcase name="Core System Integrity - Subsystem Verification #297" classname="INTEGRITY" time="0.01"/>
  <testcase name="Core System Integrity - Subsystem Verification #298" classname="INTEGRITY" time="0.01"/>
  <testcase name="Core System Integrity - Subsystem Verification #299" classname="INTEGRITY" time="0.01"/>
  <testcase name="Core System Integrity - Subsystem Verification #300" classname="INTEGRITY" time="0.01"/>
</testsuite>